[2023-11-27 17:18:51] testing.ERROR: Cannot modify header information - headers already sent by (output started at C:\wamp\www\project13\vendor\phpunit\phpunit\src\Util\Printer.php:109) {"exception":"[object] (ErrorException(code: 0): Cannot modify header information - headers already sent by (output started at C:\\wamp\\www\\project13\\vendor\\phpunit\\phpunit\\src\\Util\\Printer.php:109) at C:\\wamp\\www\\project13\\app\\Http\\Middleware\\Crosser.php:16)
[stacktrace]
#0 [internal function]: Illuminate\\Foundation\\Bootstrap\\HandleExceptions->handleError(2, 'Cannot modify h...', 'C:\\\\wamp\\\\www\\\\pro...', 16, Array)
#1 C:\\wamp\\www\\project13\\app\\Http\\Middleware\\Crosser.php(16): header('Access-Control-...')
#2 C:\\wamp\\www\\project13\\vendor\\laravel\\framework\\src\\Illuminate\\Pipeline\\Pipeline.php(163): App\\Http\\Middleware\\Crosser->handle(Object(Illuminate\\Http\\Request), Object(Closure))
#3 C:\\wamp\\www\\project13\\vendor\\laravel\\framework\\src\\Illuminate\\Routing\\Pipeline.php(53): Illuminate\\Pipeline\\Pipeline->Illuminate\\Pipeline\\{closure}(Object(Illuminate\\Http\\Request))
#4 C:\\wamp\\www\\project13\\vendor\\fideloper\\proxy\\src\\TrustProxies.php(57): Illuminate\\Routing\\Pipeline->Illuminate\\Routing\\{closure}(Object(Illuminate\\Http\\Request))
#5 C:\\wamp\\www\\project13\\vendor\\laravel\\framework\\src\\Illuminate\\Pipeline\\Pipeline.php(163): Fideloper\\Proxy\\TrustProxies->handle(Object(Illuminate\\Http\\Request), Object(Closure))
#6 C:\\wamp\\www\\project13\\vendor\\laravel\\framework\\src\\Illuminate\\Routing\\Pipeline.php(53): Illuminate\\Pipeline\\Pipeline->Illuminate\\Pipeline\\{closure}(Object(Illuminate\\Http\\Request))
#7 C:\\wamp\\www\\project13\\vendor\\laravel\\framework\\src\\Illuminate\\Foundation\\Http\\Middleware\\TransformsRequest.php(31): Illuminate\\Routing\\Pipeline->Illuminate\\Routing\\{closure}(Object(Illuminate\\Http\\Request))
#8 C:\\wamp\\www\\project13\\vendor\\laravel\\framework\\src\\Illuminate\\Pipeline\\Pipeline.php(163): Illuminate\\Foundation\\Http\\Middleware\\TransformsRequest->handle(Object(Illuminate\\Http\\Request), Object(Closure))
#9 C:\\wamp\\www\\project13\\vendor\\laravel\\framework\\src\\Illuminate\\Routing\\Pipeline.php(53): Illuminate\\Pipeline\\Pipeline->Illuminate\\Pipeline\\{closure}(Object(Illuminate\\Http\\Request))
#10 C:\\wamp\\www\\project13\\vendor\\laravel\\framework\\src\\Illuminate\\Foundation\\Http\\Middleware\\TransformsRequest.php(31): Illuminate\\Routing\\Pipeline->Illuminate\\Routing\\{closure}(Object(Illuminate\\Http\\Request))
#11 C:\\wamp\\www\\project13\\vendor\\laravel\\framework\\src\\Illuminate\\Pipeline\\Pipeline.php(163): Illuminate\\Foundation\\Http\\Middleware\\TransformsRequest->handle(Object(Illuminate\\Http\\Request), Object(Closure))
#12 C:\\wamp\\www\\project13\\vendor\\laravel\\framework\\src\\Illuminate\\Routing\\Pipeline.php(53): Illuminate\\Pipeline\\Pipeline->Illuminate\\Pipeline\\{closure}(Object(Illuminate\\Http\\Request))
#13 C:\\wamp\\www\\project13\\vendor\\laravel\\framework\\src\\Illuminate\\Foundation\\Http\\Middleware\\ValidatePostSize.php(27): Illuminate\\Routing\\Pipeline->Illuminate\\Routing\\{closure}(Object(Illuminate\\Http\\Request))
#14 C:\\wamp\\www\\project13\\vendor\\laravel\\framework\\src\\Illuminate\\Pipeline\\Pipeline.php(163): Illuminate\\Foundation\\Http\\Middleware\\ValidatePostSize->handle(Object(Illuminate\\Http\\Request), Object(Closure))
#15 C:\\wamp\\www\\project13\\vendor\\laravel\\framework\\src\\Illuminate\\Routing\\Pipeline.php(53): Illuminate\\Pipeline\\Pipeline->Illuminate\\Pipeline\\{closure}(Object(Illuminate\\Http\\Request))
#16 C:\\wamp\\www\\project13\\vendor\\laravel\\framework\\src\\Illuminate\\Foundation\\Http\\Middleware\\CheckForMaintenanceMode.php(62): Illuminate\\Routing\\Pipeline->Illuminate\\Routing\\{closure}(Object(Illuminate\\Http\\Request))
#17 C:\\wamp\\www\\project13\\vendor\\laravel\\framework\\src\\Illuminate\\Pipeline\\Pipeline.php(163): Illuminate\\Foundation\\Http\\Middleware\\CheckForMaintenanceMode->handle(Object(Illuminate\\Http\\Request), Object(Closure))
#18 C:\\wamp\\www\\project13\\vendor\\laravel\\framework\\src\\Illuminate\\Routing\\Pipeline.php(53): Illuminate\\Pipeline\\Pipeline->Illuminate\\Pipeline\\{closure}(Object(Illuminate\\Http\\Request))
#19 C:\\wamp\\www\\project13\\vendor\\laravel\\framework\\src\\Illuminate\\Pipeline\\Pipeline.php(104): Illuminate\\Routing\\Pipeline->Illuminate\\Routing\\{closure}(Object(Illuminate\\Http\\Request))
#20 C:\\wamp\\www\\project13\\vendor\\laravel\\framework\\src\\Illuminate\\Foundation\\Http\\Kernel.php(151): Illuminate\\Pipeline\\Pipeline->then(Object(Closure))
#21 C:\\wamp\\www\\project13\\vendor\\laravel\\framework\\src\\Illuminate\\Foundation\\Http\\Kernel.php(116): Illuminate\\Foundation\\Http\\Kernel->sendRequestThroughRouter(Object(Illuminate\\Http\\Request))
#22 C:\\wamp\\www\\project13\\vendor\\laravel\\framework\\src\\Illuminate\\Foundation\\Testing\\Concerns\\MakesHttpRequests.php(345): Illuminate\\Foundation\\Http\\Kernel->handle(Object(Illuminate\\Http\\Request))
#23 C:\\wamp\\www\\project13\\vendor\\laravel\\framework\\src\\Illuminate\\Foundation\\Testing\\Concerns\\MakesHttpRequests.php(168): Illuminate\\Foundation\\Testing\\TestCase->call('GET', '/', Array, Array, Array, Array)
#24 C:\\wamp\\www\\project13\\tests\\Feature\\BasicTest.php(25): Illuminate\\Foundation\\Testing\\TestCase->get('/')
#25 C:\\wamp\\www\\project13\\vendor\\phpunit\\phpunit\\src\\Framework\\TestCase.php(1153): Tests\\Feature\\BasicTest->testExample()
#26 C:\\wamp\\www\\project13\\vendor\\phpunit\\phpunit\\src\\Framework\\TestCase.php(842): PHPUnit\\Framework\\TestCase->runTest()
#27 C:\\wamp\\www\\project13\\vendor\\phpunit\\phpunit\\src\\Framework\\TestResult.php(687): PHPUnit\\Framework\\TestCase->runBare()
#28 C:\\wamp\\www\\project13\\vendor\\phpunit\\phpunit\\src\\Framework\\TestCase.php(796): PHPUnit\\Framework\\TestResult->run(Object(Tests\\Feature\\BasicTest))
#29 C:\\wamp\\www\\project13\\vendor\\phpunit\\phpunit\\src\\Framework\\TestSuite.php(746): PHPUnit\\Framework\\TestCase->run(Object(PHPUnit\\Framework\\TestResult))
#30 C:\\wamp\\www\\project13\\vendor\\phpunit\\phpunit\\src\\Framework\\TestSuite.php(746): PHPUnit\\Framework\\TestSuite->run(Object(PHPUnit\\Framework\\TestResult))
#31 C:\\wamp\\www\\project13\\vendor\\phpunit\\phpunit\\src\\Framework\\TestSuite.php(746): PHPUnit\\Framework\\TestSuite->run(Object(PHPUnit\\Framework\\TestResult))
#32 C:\\wamp\\www\\project13\\vendor\\phpunit\\phpunit\\src\\TextUI\\TestRunner.php(641): PHPUnit\\Framework\\TestSuite->run(Object(PHPUnit\\Framework\\TestResult))
#33 C:\\wamp\\www\\project13\\vendor\\phpunit\\phpunit\\src\\TextUI\\Command.php(206): PHPUnit\\TextUI\\TestRunner->doRun(Object(PHPUnit\\Framework\\TestSuite), Array, true)
#34 C:\\wamp\\www\\project13\\vendor\\phpunit\\phpunit\\src\\TextUI\\Command.php(162): PHPUnit\\TextUI\\Command->run(Array, true)
#35 C:\\wamp\\www\\project13\\vendor\\phpunit\\phpunit\\phpunit(61): PHPUnit\\TextUI\\Command::main()
#36 {main}
"} 
[2023-11-27 17:18:51] testing.ERROR: Cannot modify header information - headers already sent by (output started at C:\wamp\www\project13\vendor\phpunit\phpunit\src\Util\Printer.php:109) {"exception":"[object] (ErrorException(code: 0): Cannot modify header information - headers already sent by (output started at C:\\wamp\\www\\project13\\vendor\\phpunit\\phpunit\\src\\Util\\Printer.php:109) at C:\\wamp\\www\\project13\\app\\Http\\Middleware\\Crosser.php:16)
[stacktrace]
#0 [internal function]: Illuminate\\Foundation\\Bootstrap\\HandleExceptions->handleError(2, 'Cannot modify h...', 'C:\\\\wamp\\\\www\\\\pro...', 16, Array)
#1 C:\\wamp\\www\\project13\\app\\Http\\Middleware\\Crosser.php(16): header('Access-Control-...')
#2 C:\\wamp\\www\\project13\\vendor\\laravel\\framework\\src\\Illuminate\\Pipeline\\Pipeline.php(163): App\\Http\\Middleware\\Crosser->handle(Object(Illuminate\\Http\\Request), Object(Closure))
#3 C:\\wamp\\www\\project13\\vendor\\laravel\\framework\\src\\Illuminate\\Routing\\Pipeline.php(53): Illuminate\\Pipeline\\Pipeline->Illuminate\\Pipeline\\{closure}(Object(Illuminate\\Http\\Request))
#4 C:\\wamp\\www\\project13\\vendor\\fideloper\\proxy\\src\\TrustProxies.php(57): Illuminate\\Routing\\Pipeline->Illuminate\\Routing\\{closure}(Object(Illuminate\\Http\\Request))
#5 C:\\wamp\\www\\project13\\vendor\\laravel\\framework\\src\\Illuminate\\Pipeline\\Pipeline.php(163): Fideloper\\Proxy\\TrustProxies->handle(Object(Illuminate\\Http\\Request), Object(Closure))
#6 C:\\wamp\\www\\project13\\vendor\\laravel\\framework\\src\\Illuminate\\Routing\\Pipeline.php(53): Illuminate\\Pipeline\\Pipeline->Illuminate\\Pipeline\\{closure}(Object(Illuminate\\Http\\Request))
#7 C:\\wamp\\www\\project13\\vendor\\laravel\\framework\\src\\Illuminate\\Foundation\\Http\\Middleware\\TransformsRequest.php(31): Illuminate\\Routing\\Pipeline->Illuminate\\Routing\\{closure}(Object(Illuminate\\Http\\Request))
#8 C:\\wamp\\www\\project13\\vendor\\laravel\\framework\\src\\Illuminate\\Pipeline\\Pipeline.php(163): Illuminate\\Foundation\\Http\\Middleware\\TransformsRequest->handle(Object(Illuminate\\Http\\Request), Object(Closure))
#9 C:\\wamp\\www\\project13\\vendor\\laravel\\framework\\src\\Illuminate\\Routing\\Pipeline.php(53): Illuminate\\Pipeline\\Pipeline->Illuminate\\Pipeline\\{closure}(Object(Illuminate\\Http\\Request))
#10 C:\\wamp\\www\\project13\\vendor\\laravel\\framework\\src\\Illuminate\\Foundation\\Http\\Middleware\\TransformsRequest.php(31): Illuminate\\Routing\\Pipeline->Illuminate\\Routing\\{closure}(Object(Illuminate\\Http\\Request))
#11 C:\\wamp\\www\\project13\\vendor\\laravel\\framework\\src\\Illuminate\\Pipeline\\Pipeline.php(163): Illuminate\\Foundation\\Http\\Middleware\\TransformsRequest->handle(Object(Illuminate\\Http\\Request), Object(Closure))
#12 C:\\wamp\\www\\project13\\vendor\\laravel\\framework\\src\\Illuminate\\Routing\\Pipeline.php(53): Illuminate\\Pipeline\\Pipeline->Illuminate\\Pipeline\\{closure}(Object(Illuminate\\Http\\Request))
#13 C:\\wamp\\www\\project13\\vendor\\laravel\\framework\\src\\Illuminate\\Foundation\\Http\\Middleware\\ValidatePostSize.php(27): Illuminate\\Routing\\Pipeline->Illuminate\\Routing\\{closure}(Object(Illuminate\\Http\\Request))
#14 C:\\wamp\\www\\project13\\vendor\\laravel\\framework\\src\\Illuminate\\Pipeline\\Pipeline.php(163): Illuminate\\Foundation\\Http\\Middleware\\ValidatePostSize->handle(Object(Illuminate\\Http\\Request), Object(Closure))
#15 C:\\wamp\\www\\project13\\vendor\\laravel\\framework\\src\\Illuminate\\Routing\\Pipeline.php(53): Illuminate\\Pipeline\\Pipeline->Illuminate\\Pipeline\\{closure}(Object(Illuminate\\Http\\Request))
#16 C:\\wamp\\www\\project13\\vendor\\laravel\\framework\\src\\Illuminate\\Foundation\\Http\\Middleware\\CheckForMaintenanceMode.php(62): Illuminate\\Routing\\Pipeline->Illuminate\\Routing\\{closure}(Object(Illuminate\\Http\\Request))
#17 C:\\wamp\\www\\project13\\vendor\\laravel\\framework\\src\\Illuminate\\Pipeline\\Pipeline.php(163): Illuminate\\Foundation\\Http\\Middleware\\CheckForMaintenanceMode->handle(Object(Illuminate\\Http\\Request), Object(Closure))
#18 C:\\wamp\\www\\project13\\vendor\\laravel\\framework\\src\\Illuminate\\Routing\\Pipeline.php(53): Illuminate\\Pipeline\\Pipeline->Illuminate\\Pipeline\\{closure}(Object(Illuminate\\Http\\Request))
#19 C:\\wamp\\www\\project13\\vendor\\laravel\\framework\\src\\Illuminate\\Pipeline\\Pipeline.php(104): Illuminate\\Routing\\Pipeline->Illuminate\\Routing\\{closure}(Object(Illuminate\\Http\\Request))
#20 C:\\wamp\\www\\project13\\vendor\\laravel\\framework\\src\\Illuminate\\Foundation\\Http\\Kernel.php(151): Illuminate\\Pipeline\\Pipeline->then(Object(Closure))
#21 C:\\wamp\\www\\project13\\vendor\\laravel\\framework\\src\\Illuminate\\Foundation\\Http\\Kernel.php(116): Illuminate\\Foundation\\Http\\Kernel->sendRequestThroughRouter(Object(Illuminate\\Http\\Request))
#22 C:\\wamp\\www\\project13\\vendor\\laravel\\framework\\src\\Illuminate\\Foundation\\Testing\\Concerns\\MakesHttpRequests.php(345): Illuminate\\Foundation\\Http\\Kernel->handle(Object(Illuminate\\Http\\Request))
#23 C:\\wamp\\www\\project13\\vendor\\laravel\\framework\\src\\Illuminate\\Foundation\\Testing\\Concerns\\MakesHttpRequests.php(168): Illuminate\\Foundation\\Testing\\TestCase->call('GET', '/', Array, Array, Array, Array)
#24 C:\\wamp\\www\\project13\\tests\\Feature\\ExampleTest.php(17): Illuminate\\Foundation\\Testing\\TestCase->get('/')
#25 C:\\wamp\\www\\project13\\vendor\\phpunit\\phpunit\\src\\Framework\\TestCase.php(1153): Tests\\Feature\\ExampleTest->testBasicTest()
#26 C:\\wamp\\www\\project13\\vendor\\phpunit\\phpunit\\src\\Framework\\TestCase.php(842): PHPUnit\\Framework\\TestCase->runTest()
#27 C:\\wamp\\www\\project13\\vendor\\phpunit\\phpunit\\src\\Framework\\TestResult.php(687): PHPUnit\\Framework\\TestCase->runBare()
#28 C:\\wamp\\www\\project13\\vendor\\phpunit\\phpunit\\src\\Framework\\TestCase.php(796): PHPUnit\\Framework\\TestResult->run(Object(Tests\\Feature\\ExampleTest))
#29 C:\\wamp\\www\\project13\\vendor\\phpunit\\phpunit\\src\\Framework\\TestSuite.php(746): PHPUnit\\Framework\\TestCase->run(Object(PHPUnit\\Framework\\TestResult))
#30 C:\\wamp\\www\\project13\\vendor\\phpunit\\phpunit\\src\\Framework\\TestSuite.php(746): PHPUnit\\Framework\\TestSuite->run(Object(PHPUnit\\Framework\\TestResult))
#31 C:\\wamp\\www\\project13\\vendor\\phpunit\\phpunit\\src\\Framework\\TestSuite.php(746): PHPUnit\\Framework\\TestSuite->run(Object(PHPUnit\\Framework\\TestResult))
#32 C:\\wamp\\www\\project13\\vendor\\phpunit\\phpunit\\src\\TextUI\\TestRunner.php(641): PHPUnit\\Framework\\TestSuite->run(Object(PHPUnit\\Framework\\TestResult))
#33 C:\\wamp\\www\\project13\\vendor\\phpunit\\phpunit\\src\\TextUI\\Command.php(206): PHPUnit\\TextUI\\TestRunner->doRun(Object(PHPUnit\\Framework\\TestSuite), Array, true)
#34 C:\\wamp\\www\\project13\\vendor\\phpunit\\phpunit\\src\\TextUI\\Command.php(162): PHPUnit\\TextUI\\Command->run(Array, true)
#35 C:\\wamp\\www\\project13\\vendor\\phpunit\\phpunit\\phpunit(61): PHPUnit\\TextUI\\Command::main()
#36 {main}
"} 
[2023-11-27 17:22:42] testing.ERROR: Cannot modify header information - headers already sent by (output started at C:\wamp\www\project13\vendor\phpunit\phpunit\src\Util\Printer.php:109) {"exception":"[object] (ErrorException(code: 0): Cannot modify header information - headers already sent by (output started at C:\\wamp\\www\\project13\\vendor\\phpunit\\phpunit\\src\\Util\\Printer.php:109) at C:\\wamp\\www\\project13\\app\\Http\\Middleware\\Crosser.php:16)
[stacktrace]
#0 [internal function]: Illuminate\\Foundation\\Bootstrap\\HandleExceptions->handleError(2, 'Cannot modify h...', 'C:\\\\wamp\\\\www\\\\pro...', 16, Array)
#1 C:\\wamp\\www\\project13\\app\\Http\\Middleware\\Crosser.php(16): header('Access-Control-...')
#2 C:\\wamp\\www\\project13\\vendor\\laravel\\framework\\src\\Illuminate\\Pipeline\\Pipeline.php(163): App\\Http\\Middleware\\Crosser->handle(Object(Illuminate\\Http\\Request), Object(Closure))
#3 C:\\wamp\\www\\project13\\vendor\\laravel\\framework\\src\\Illuminate\\Routing\\Pipeline.php(53): Illuminate\\Pipeline\\Pipeline->Illuminate\\Pipeline\\{closure}(Object(Illuminate\\Http\\Request))
#4 C:\\wamp\\www\\project13\\vendor\\fideloper\\proxy\\src\\TrustProxies.php(57): Illuminate\\Routing\\Pipeline->Illuminate\\Routing\\{closure}(Object(Illuminate\\Http\\Request))
#5 C:\\wamp\\www\\project13\\vendor\\laravel\\framework\\src\\Illuminate\\Pipeline\\Pipeline.php(163): Fideloper\\Proxy\\TrustProxies->handle(Object(Illuminate\\Http\\Request), Object(Closure))
#6 C:\\wamp\\www\\project13\\vendor\\laravel\\framework\\src\\Illuminate\\Routing\\Pipeline.php(53): Illuminate\\Pipeline\\Pipeline->Illuminate\\Pipeline\\{closure}(Object(Illuminate\\Http\\Request))
#7 C:\\wamp\\www\\project13\\vendor\\laravel\\framework\\src\\Illuminate\\Foundation\\Http\\Middleware\\TransformsRequest.php(31): Illuminate\\Routing\\Pipeline->Illuminate\\Routing\\{closure}(Object(Illuminate\\Http\\Request))
#8 C:\\wamp\\www\\project13\\vendor\\laravel\\framework\\src\\Illuminate\\Pipeline\\Pipeline.php(163): Illuminate\\Foundation\\Http\\Middleware\\TransformsRequest->handle(Object(Illuminate\\Http\\Request), Object(Closure))
#9 C:\\wamp\\www\\project13\\vendor\\laravel\\framework\\src\\Illuminate\\Routing\\Pipeline.php(53): Illuminate\\Pipeline\\Pipeline->Illuminate\\Pipeline\\{closure}(Object(Illuminate\\Http\\Request))
#10 C:\\wamp\\www\\project13\\vendor\\laravel\\framework\\src\\Illuminate\\Foundation\\Http\\Middleware\\TransformsRequest.php(31): Illuminate\\Routing\\Pipeline->Illuminate\\Routing\\{closure}(Object(Illuminate\\Http\\Request))
#11 C:\\wamp\\www\\project13\\vendor\\laravel\\framework\\src\\Illuminate\\Pipeline\\Pipeline.php(163): Illuminate\\Foundation\\Http\\Middleware\\TransformsRequest->handle(Object(Illuminate\\Http\\Request), Object(Closure))
#12 C:\\wamp\\www\\project13\\vendor\\laravel\\framework\\src\\Illuminate\\Routing\\Pipeline.php(53): Illuminate\\Pipeline\\Pipeline->Illuminate\\Pipeline\\{closure}(Object(Illuminate\\Http\\Request))
#13 C:\\wamp\\www\\project13\\vendor\\laravel\\framework\\src\\Illuminate\\Foundation\\Http\\Middleware\\ValidatePostSize.php(27): Illuminate\\Routing\\Pipeline->Illuminate\\Routing\\{closure}(Object(Illuminate\\Http\\Request))
#14 C:\\wamp\\www\\project13\\vendor\\laravel\\framework\\src\\Illuminate\\Pipeline\\Pipeline.php(163): Illuminate\\Foundation\\Http\\Middleware\\ValidatePostSize->handle(Object(Illuminate\\Http\\Request), Object(Closure))
#15 C:\\wamp\\www\\project13\\vendor\\laravel\\framework\\src\\Illuminate\\Routing\\Pipeline.php(53): Illuminate\\Pipeline\\Pipeline->Illuminate\\Pipeline\\{closure}(Object(Illuminate\\Http\\Request))
#16 C:\\wamp\\www\\project13\\vendor\\laravel\\framework\\src\\Illuminate\\Foundation\\Http\\Middleware\\CheckForMaintenanceMode.php(62): Illuminate\\Routing\\Pipeline->Illuminate\\Routing\\{closure}(Object(Illuminate\\Http\\Request))
#17 C:\\wamp\\www\\project13\\vendor\\laravel\\framework\\src\\Illuminate\\Pipeline\\Pipeline.php(163): Illuminate\\Foundation\\Http\\Middleware\\CheckForMaintenanceMode->handle(Object(Illuminate\\Http\\Request), Object(Closure))
#18 C:\\wamp\\www\\project13\\vendor\\laravel\\framework\\src\\Illuminate\\Routing\\Pipeline.php(53): Illuminate\\Pipeline\\Pipeline->Illuminate\\Pipeline\\{closure}(Object(Illuminate\\Http\\Request))
#19 C:\\wamp\\www\\project13\\vendor\\laravel\\framework\\src\\Illuminate\\Pipeline\\Pipeline.php(104): Illuminate\\Routing\\Pipeline->Illuminate\\Routing\\{closure}(Object(Illuminate\\Http\\Request))
#20 C:\\wamp\\www\\project13\\vendor\\laravel\\framework\\src\\Illuminate\\Foundation\\Http\\Kernel.php(151): Illuminate\\Pipeline\\Pipeline->then(Object(Closure))
#21 C:\\wamp\\www\\project13\\vendor\\laravel\\framework\\src\\Illuminate\\Foundation\\Http\\Kernel.php(116): Illuminate\\Foundation\\Http\\Kernel->sendRequestThroughRouter(Object(Illuminate\\Http\\Request))
#22 C:\\wamp\\www\\project13\\vendor\\laravel\\framework\\src\\Illuminate\\Foundation\\Testing\\Concerns\\MakesHttpRequests.php(345): Illuminate\\Foundation\\Http\\Kernel->handle(Object(Illuminate\\Http\\Request))
#23 C:\\wamp\\www\\project13\\vendor\\laravel\\framework\\src\\Illuminate\\Foundation\\Testing\\Concerns\\MakesHttpRequests.php(168): Illuminate\\Foundation\\Testing\\TestCase->call('GET', '/', Array, Array, Array, Array)
#24 C:\\wamp\\www\\project13\\tests\\Feature\\ExampleTest.php(17): Illuminate\\Foundation\\Testing\\TestCase->get('/')
#25 C:\\wamp\\www\\project13\\vendor\\phpunit\\phpunit\\src\\Framework\\TestCase.php(1153): Tests\\Feature\\ExampleTest->testBasicTest()
#26 C:\\wamp\\www\\project13\\vendor\\phpunit\\phpunit\\src\\Framework\\TestCase.php(842): PHPUnit\\Framework\\TestCase->runTest()
#27 C:\\wamp\\www\\project13\\vendor\\phpunit\\phpunit\\src\\Framework\\TestResult.php(687): PHPUnit\\Framework\\TestCase->runBare()
#28 C:\\wamp\\www\\project13\\vendor\\phpunit\\phpunit\\src\\Framework\\TestCase.php(796): PHPUnit\\Framework\\TestResult->run(Object(Tests\\Feature\\ExampleTest))
#29 C:\\wamp\\www\\project13\\vendor\\phpunit\\phpunit\\src\\Framework\\TestSuite.php(746): PHPUnit\\Framework\\TestCase->run(Object(PHPUnit\\Framework\\TestResult))
#30 C:\\wamp\\www\\project13\\vendor\\phpunit\\phpunit\\src\\Framework\\TestSuite.php(746): PHPUnit\\Framework\\TestSuite->run(Object(PHPUnit\\Framework\\TestResult))
#31 C:\\wamp\\www\\project13\\vendor\\phpunit\\phpunit\\src\\Framework\\TestSuite.php(746): PHPUnit\\Framework\\TestSuite->run(Object(PHPUnit\\Framework\\TestResult))
#32 C:\\wamp\\www\\project13\\vendor\\phpunit\\phpunit\\src\\TextUI\\TestRunner.php(641): PHPUnit\\Framework\\TestSuite->run(Object(PHPUnit\\Framework\\TestResult))
#33 C:\\wamp\\www\\project13\\vendor\\phpunit\\phpunit\\src\\TextUI\\Command.php(206): PHPUnit\\TextUI\\TestRunner->doRun(Object(PHPUnit\\Framework\\TestSuite), Array, true)
#34 C:\\wamp\\www\\project13\\vendor\\phpunit\\phpunit\\src\\TextUI\\Command.php(162): PHPUnit\\TextUI\\Command->run(Array, true)
#35 C:\\wamp\\www\\project13\\vendor\\phpunit\\phpunit\\phpunit(61): PHPUnit\\TextUI\\Command::main()
#36 {main}
"} 
[2023-11-27 17:31:38] testing.ERROR: Cannot modify header information - headers already sent by (output started at C:\wamp\www\project13\vendor\phpunit\phpunit\src\Util\Printer.php:109) {"exception":"[object] (ErrorException(code: 0): Cannot modify header information - headers already sent by (output started at C:\\wamp\\www\\project13\\vendor\\phpunit\\phpunit\\src\\Util\\Printer.php:109) at C:\\wamp\\www\\project13\\app\\Http\\Middleware\\Crosser.php:16)
[stacktrace]
#0 [internal function]: Illuminate\\Foundation\\Bootstrap\\HandleExceptions->handleError(2, 'Cannot modify h...', 'C:\\\\wamp\\\\www\\\\pro...', 16, Array)
#1 C:\\wamp\\www\\project13\\app\\Http\\Middleware\\Crosser.php(16): header('Access-Control-...')
#2 C:\\wamp\\www\\project13\\vendor\\laravel\\framework\\src\\Illuminate\\Pipeline\\Pipeline.php(163): App\\Http\\Middleware\\Crosser->handle(Object(Illuminate\\Http\\Request), Object(Closure))
#3 C:\\wamp\\www\\project13\\vendor\\laravel\\framework\\src\\Illuminate\\Routing\\Pipeline.php(53): Illuminate\\Pipeline\\Pipeline->Illuminate\\Pipeline\\{closure}(Object(Illuminate\\Http\\Request))
#4 C:\\wamp\\www\\project13\\vendor\\fideloper\\proxy\\src\\TrustProxies.php(57): Illuminate\\Routing\\Pipeline->Illuminate\\Routing\\{closure}(Object(Illuminate\\Http\\Request))
#5 C:\\wamp\\www\\project13\\vendor\\laravel\\framework\\src\\Illuminate\\Pipeline\\Pipeline.php(163): Fideloper\\Proxy\\TrustProxies->handle(Object(Illuminate\\Http\\Request), Object(Closure))
#6 C:\\wamp\\www\\project13\\vendor\\laravel\\framework\\src\\Illuminate\\Routing\\Pipeline.php(53): Illuminate\\Pipeline\\Pipeline->Illuminate\\Pipeline\\{closure}(Object(Illuminate\\Http\\Request))
#7 C:\\wamp\\www\\project13\\vendor\\laravel\\framework\\src\\Illuminate\\Foundation\\Http\\Middleware\\TransformsRequest.php(31): Illuminate\\Routing\\Pipeline->Illuminate\\Routing\\{closure}(Object(Illuminate\\Http\\Request))
#8 C:\\wamp\\www\\project13\\vendor\\laravel\\framework\\src\\Illuminate\\Pipeline\\Pipeline.php(163): Illuminate\\Foundation\\Http\\Middleware\\TransformsRequest->handle(Object(Illuminate\\Http\\Request), Object(Closure))
#9 C:\\wamp\\www\\project13\\vendor\\laravel\\framework\\src\\Illuminate\\Routing\\Pipeline.php(53): Illuminate\\Pipeline\\Pipeline->Illuminate\\Pipeline\\{closure}(Object(Illuminate\\Http\\Request))
#10 C:\\wamp\\www\\project13\\vendor\\laravel\\framework\\src\\Illuminate\\Foundation\\Http\\Middleware\\TransformsRequest.php(31): Illuminate\\Routing\\Pipeline->Illuminate\\Routing\\{closure}(Object(Illuminate\\Http\\Request))
#11 C:\\wamp\\www\\project13\\vendor\\laravel\\framework\\src\\Illuminate\\Pipeline\\Pipeline.php(163): Illuminate\\Foundation\\Http\\Middleware\\TransformsRequest->handle(Object(Illuminate\\Http\\Request), Object(Closure))
#12 C:\\wamp\\www\\project13\\vendor\\laravel\\framework\\src\\Illuminate\\Routing\\Pipeline.php(53): Illuminate\\Pipeline\\Pipeline->Illuminate\\Pipeline\\{closure}(Object(Illuminate\\Http\\Request))
#13 C:\\wamp\\www\\project13\\vendor\\laravel\\framework\\src\\Illuminate\\Foundation\\Http\\Middleware\\ValidatePostSize.php(27): Illuminate\\Routing\\Pipeline->Illuminate\\Routing\\{closure}(Object(Illuminate\\Http\\Request))
#14 C:\\wamp\\www\\project13\\vendor\\laravel\\framework\\src\\Illuminate\\Pipeline\\Pipeline.php(163): Illuminate\\Foundation\\Http\\Middleware\\ValidatePostSize->handle(Object(Illuminate\\Http\\Request), Object(Closure))
#15 C:\\wamp\\www\\project13\\vendor\\laravel\\framework\\src\\Illuminate\\Routing\\Pipeline.php(53): Illuminate\\Pipeline\\Pipeline->Illuminate\\Pipeline\\{closure}(Object(Illuminate\\Http\\Request))
#16 C:\\wamp\\www\\project13\\vendor\\laravel\\framework\\src\\Illuminate\\Foundation\\Http\\Middleware\\CheckForMaintenanceMode.php(62): Illuminate\\Routing\\Pipeline->Illuminate\\Routing\\{closure}(Object(Illuminate\\Http\\Request))
#17 C:\\wamp\\www\\project13\\vendor\\laravel\\framework\\src\\Illuminate\\Pipeline\\Pipeline.php(163): Illuminate\\Foundation\\Http\\Middleware\\CheckForMaintenanceMode->handle(Object(Illuminate\\Http\\Request), Object(Closure))
#18 C:\\wamp\\www\\project13\\vendor\\laravel\\framework\\src\\Illuminate\\Routing\\Pipeline.php(53): Illuminate\\Pipeline\\Pipeline->Illuminate\\Pipeline\\{closure}(Object(Illuminate\\Http\\Request))
#19 C:\\wamp\\www\\project13\\vendor\\laravel\\framework\\src\\Illuminate\\Pipeline\\Pipeline.php(104): Illuminate\\Routing\\Pipeline->Illuminate\\Routing\\{closure}(Object(Illuminate\\Http\\Request))
#20 C:\\wamp\\www\\project13\\vendor\\laravel\\framework\\src\\Illuminate\\Foundation\\Http\\Kernel.php(151): Illuminate\\Pipeline\\Pipeline->then(Object(Closure))
#21 C:\\wamp\\www\\project13\\vendor\\laravel\\framework\\src\\Illuminate\\Foundation\\Http\\Kernel.php(116): Illuminate\\Foundation\\Http\\Kernel->sendRequestThroughRouter(Object(Illuminate\\Http\\Request))
#22 C:\\wamp\\www\\project13\\vendor\\laravel\\framework\\src\\Illuminate\\Foundation\\Testing\\Concerns\\MakesHttpRequests.php(345): Illuminate\\Foundation\\Http\\Kernel->handle(Object(Illuminate\\Http\\Request))
#23 C:\\wamp\\www\\project13\\vendor\\laravel\\framework\\src\\Illuminate\\Foundation\\Testing\\Concerns\\MakesHttpRequests.php(168): Illuminate\\Foundation\\Testing\\TestCase->call('GET', '/', Array, Array, Array, Array)
#24 C:\\wamp\\www\\project13\\tests\\Feature\\ExampleTest.php(17): Illuminate\\Foundation\\Testing\\TestCase->get('/')
#25 C:\\wamp\\www\\project13\\vendor\\phpunit\\phpunit\\src\\Framework\\TestCase.php(1153): Tests\\Feature\\ExampleTest->testBasicTest()
#26 C:\\wamp\\www\\project13\\vendor\\phpunit\\phpunit\\src\\Framework\\TestCase.php(842): PHPUnit\\Framework\\TestCase->runTest()
#27 C:\\wamp\\www\\project13\\vendor\\phpunit\\phpunit\\src\\Framework\\TestResult.php(687): PHPUnit\\Framework\\TestCase->runBare()
#28 C:\\wamp\\www\\project13\\vendor\\phpunit\\phpunit\\src\\Framework\\TestCase.php(796): PHPUnit\\Framework\\TestResult->run(Object(Tests\\Feature\\ExampleTest))
#29 C:\\wamp\\www\\project13\\vendor\\phpunit\\phpunit\\src\\Framework\\TestSuite.php(746): PHPUnit\\Framework\\TestCase->run(Object(PHPUnit\\Framework\\TestResult))
#30 C:\\wamp\\www\\project13\\vendor\\phpunit\\phpunit\\src\\Framework\\TestSuite.php(746): PHPUnit\\Framework\\TestSuite->run(Object(PHPUnit\\Framework\\TestResult))
#31 C:\\wamp\\www\\project13\\vendor\\phpunit\\phpunit\\src\\Framework\\TestSuite.php(746): PHPUnit\\Framework\\TestSuite->run(Object(PHPUnit\\Framework\\TestResult))
#32 C:\\wamp\\www\\project13\\vendor\\phpunit\\phpunit\\src\\TextUI\\TestRunner.php(641): PHPUnit\\Framework\\TestSuite->run(Object(PHPUnit\\Framework\\TestResult))
#33 C:\\wamp\\www\\project13\\vendor\\phpunit\\phpunit\\src\\TextUI\\Command.php(206): PHPUnit\\TextUI\\TestRunner->doRun(Object(PHPUnit\\Framework\\TestSuite), Array, true)
#34 C:\\wamp\\www\\project13\\vendor\\phpunit\\phpunit\\src\\TextUI\\Command.php(162): PHPUnit\\TextUI\\Command->run(Array, true)
#35 C:\\wamp\\www\\project13\\vendor\\phpunit\\phpunit\\phpunit(61): PHPUnit\\TextUI\\Command::main()
#36 {main}
"} 
[2023-11-27 17:51:18] testing.ERROR: Cannot modify header information - headers already sent by (output started at C:\wamp\www\project13\vendor\phpunit\phpunit\src\Util\Printer.php:109) {"exception":"[object] (ErrorException(code: 0): Cannot modify header information - headers already sent by (output started at C:\\wamp\\www\\project13\\vendor\\phpunit\\phpunit\\src\\Util\\Printer.php:109) at C:\\wamp\\www\\project13\\app\\Http\\Middleware\\Crosser.php:16)
[stacktrace]
#0 [internal function]: Illuminate\\Foundation\\Bootstrap\\HandleExceptions->handleError(2, 'Cannot modify h...', 'C:\\\\wamp\\\\www\\\\pro...', 16, Array)
#1 C:\\wamp\\www\\project13\\app\\Http\\Middleware\\Crosser.php(16): header('Access-Control-...')
#2 C:\\wamp\\www\\project13\\vendor\\laravel\\framework\\src\\Illuminate\\Pipeline\\Pipeline.php(163): App\\Http\\Middleware\\Crosser->handle(Object(Illuminate\\Http\\Request), Object(Closure))
#3 C:\\wamp\\www\\project13\\vendor\\laravel\\framework\\src\\Illuminate\\Routing\\Pipeline.php(53): Illuminate\\Pipeline\\Pipeline->Illuminate\\Pipeline\\{closure}(Object(Illuminate\\Http\\Request))
#4 C:\\wamp\\www\\project13\\vendor\\fideloper\\proxy\\src\\TrustProxies.php(57): Illuminate\\Routing\\Pipeline->Illuminate\\Routing\\{closure}(Object(Illuminate\\Http\\Request))
#5 C:\\wamp\\www\\project13\\vendor\\laravel\\framework\\src\\Illuminate\\Pipeline\\Pipeline.php(163): Fideloper\\Proxy\\TrustProxies->handle(Object(Illuminate\\Http\\Request), Object(Closure))
#6 C:\\wamp\\www\\project13\\vendor\\laravel\\framework\\src\\Illuminate\\Routing\\Pipeline.php(53): Illuminate\\Pipeline\\Pipeline->Illuminate\\Pipeline\\{closure}(Object(Illuminate\\Http\\Request))
#7 C:\\wamp\\www\\project13\\vendor\\laravel\\framework\\src\\Illuminate\\Foundation\\Http\\Middleware\\TransformsRequest.php(31): Illuminate\\Routing\\Pipeline->Illuminate\\Routing\\{closure}(Object(Illuminate\\Http\\Request))
#8 C:\\wamp\\www\\project13\\vendor\\laravel\\framework\\src\\Illuminate\\Pipeline\\Pipeline.php(163): Illuminate\\Foundation\\Http\\Middleware\\TransformsRequest->handle(Object(Illuminate\\Http\\Request), Object(Closure))
#9 C:\\wamp\\www\\project13\\vendor\\laravel\\framework\\src\\Illuminate\\Routing\\Pipeline.php(53): Illuminate\\Pipeline\\Pipeline->Illuminate\\Pipeline\\{closure}(Object(Illuminate\\Http\\Request))
#10 C:\\wamp\\www\\project13\\vendor\\laravel\\framework\\src\\Illuminate\\Foundation\\Http\\Middleware\\TransformsRequest.php(31): Illuminate\\Routing\\Pipeline->Illuminate\\Routing\\{closure}(Object(Illuminate\\Http\\Request))
#11 C:\\wamp\\www\\project13\\vendor\\laravel\\framework\\src\\Illuminate\\Pipeline\\Pipeline.php(163): Illuminate\\Foundation\\Http\\Middleware\\TransformsRequest->handle(Object(Illuminate\\Http\\Request), Object(Closure))
#12 C:\\wamp\\www\\project13\\vendor\\laravel\\framework\\src\\Illuminate\\Routing\\Pipeline.php(53): Illuminate\\Pipeline\\Pipeline->Illuminate\\Pipeline\\{closure}(Object(Illuminate\\Http\\Request))
#13 C:\\wamp\\www\\project13\\vendor\\laravel\\framework\\src\\Illuminate\\Foundation\\Http\\Middleware\\ValidatePostSize.php(27): Illuminate\\Routing\\Pipeline->Illuminate\\Routing\\{closure}(Object(Illuminate\\Http\\Request))
#14 C:\\wamp\\www\\project13\\vendor\\laravel\\framework\\src\\Illuminate\\Pipeline\\Pipeline.php(163): Illuminate\\Foundation\\Http\\Middleware\\ValidatePostSize->handle(Object(Illuminate\\Http\\Request), Object(Closure))
#15 C:\\wamp\\www\\project13\\vendor\\laravel\\framework\\src\\Illuminate\\Routing\\Pipeline.php(53): Illuminate\\Pipeline\\Pipeline->Illuminate\\Pipeline\\{closure}(Object(Illuminate\\Http\\Request))
#16 C:\\wamp\\www\\project13\\vendor\\laravel\\framework\\src\\Illuminate\\Foundation\\Http\\Middleware\\CheckForMaintenanceMode.php(62): Illuminate\\Routing\\Pipeline->Illuminate\\Routing\\{closure}(Object(Illuminate\\Http\\Request))
#17 C:\\wamp\\www\\project13\\vendor\\laravel\\framework\\src\\Illuminate\\Pipeline\\Pipeline.php(163): Illuminate\\Foundation\\Http\\Middleware\\CheckForMaintenanceMode->handle(Object(Illuminate\\Http\\Request), Object(Closure))
#18 C:\\wamp\\www\\project13\\vendor\\laravel\\framework\\src\\Illuminate\\Routing\\Pipeline.php(53): Illuminate\\Pipeline\\Pipeline->Illuminate\\Pipeline\\{closure}(Object(Illuminate\\Http\\Request))
#19 C:\\wamp\\www\\project13\\vendor\\laravel\\framework\\src\\Illuminate\\Pipeline\\Pipeline.php(104): Illuminate\\Routing\\Pipeline->Illuminate\\Routing\\{closure}(Object(Illuminate\\Http\\Request))
#20 C:\\wamp\\www\\project13\\vendor\\laravel\\framework\\src\\Illuminate\\Foundation\\Http\\Kernel.php(151): Illuminate\\Pipeline\\Pipeline->then(Object(Closure))
#21 C:\\wamp\\www\\project13\\vendor\\laravel\\framework\\src\\Illuminate\\Foundation\\Http\\Kernel.php(116): Illuminate\\Foundation\\Http\\Kernel->sendRequestThroughRouter(Object(Illuminate\\Http\\Request))
#22 C:\\wamp\\www\\project13\\vendor\\laravel\\framework\\src\\Illuminate\\Foundation\\Testing\\Concerns\\MakesHttpRequests.php(345): Illuminate\\Foundation\\Http\\Kernel->handle(Object(Illuminate\\Http\\Request))
#23 C:\\wamp\\www\\project13\\vendor\\laravel\\framework\\src\\Illuminate\\Foundation\\Testing\\Concerns\\MakesHttpRequests.php(168): Illuminate\\Foundation\\Testing\\TestCase->call('GET', '/', Array, Array, Array, Array)
#24 C:\\wamp\\www\\project13\\tests\\Feature\\ExampleTest.php(17): Illuminate\\Foundation\\Testing\\TestCase->get('/')
#25 C:\\wamp\\www\\project13\\vendor\\phpunit\\phpunit\\src\\Framework\\TestCase.php(1153): Tests\\Feature\\ExampleTest->testBasicTest()
#26 C:\\wamp\\www\\project13\\vendor\\phpunit\\phpunit\\src\\Framework\\TestCase.php(842): PHPUnit\\Framework\\TestCase->runTest()
#27 C:\\wamp\\www\\project13\\vendor\\phpunit\\phpunit\\src\\Framework\\TestResult.php(687): PHPUnit\\Framework\\TestCase->runBare()
#28 C:\\wamp\\www\\project13\\vendor\\phpunit\\phpunit\\src\\Framework\\TestCase.php(796): PHPUnit\\Framework\\TestResult->run(Object(Tests\\Feature\\ExampleTest))
#29 C:\\wamp\\www\\project13\\vendor\\phpunit\\phpunit\\src\\Framework\\TestSuite.php(746): PHPUnit\\Framework\\TestCase->run(Object(PHPUnit\\Framework\\TestResult))
#30 C:\\wamp\\www\\project13\\vendor\\phpunit\\phpunit\\src\\Framework\\TestSuite.php(746): PHPUnit\\Framework\\TestSuite->run(Object(PHPUnit\\Framework\\TestResult))
#31 C:\\wamp\\www\\project13\\vendor\\phpunit\\phpunit\\src\\Framework\\TestSuite.php(746): PHPUnit\\Framework\\TestSuite->run(Object(PHPUnit\\Framework\\TestResult))
#32 C:\\wamp\\www\\project13\\vendor\\phpunit\\phpunit\\src\\TextUI\\TestRunner.php(641): PHPUnit\\Framework\\TestSuite->run(Object(PHPUnit\\Framework\\TestResult))
#33 C:\\wamp\\www\\project13\\vendor\\phpunit\\phpunit\\src\\TextUI\\Command.php(206): PHPUnit\\TextUI\\TestRunner->doRun(Object(PHPUnit\\Framework\\TestSuite), Array, true)
#34 C:\\wamp\\www\\project13\\vendor\\phpunit\\phpunit\\src\\TextUI\\Command.php(162): PHPUnit\\TextUI\\Command->run(Array, true)
#35 C:\\wamp\\www\\project13\\vendor\\phpunit\\phpunit\\phpunit(61): PHPUnit\\TextUI\\Command::main()
#36 {main}
"} 
[2023-11-27 17:54:35] testing.ERROR: Cannot modify header information - headers already sent by (output started at C:\wamp\www\project13\vendor\phpunit\phpunit\src\Util\Printer.php:109) {"exception":"[object] (ErrorException(code: 0): Cannot modify header information - headers already sent by (output started at C:\\wamp\\www\\project13\\vendor\\phpunit\\phpunit\\src\\Util\\Printer.php:109) at C:\\wamp\\www\\project13\\app\\Http\\Middleware\\Crosser.php:16)
[stacktrace]
#0 [internal function]: Illuminate\\Foundation\\Bootstrap\\HandleExceptions->handleError(2, 'Cannot modify h...', 'C:\\\\wamp\\\\www\\\\pro...', 16, Array)
#1 C:\\wamp\\www\\project13\\app\\Http\\Middleware\\Crosser.php(16): header('Access-Control-...')
#2 C:\\wamp\\www\\project13\\vendor\\laravel\\framework\\src\\Illuminate\\Pipeline\\Pipeline.php(163): App\\Http\\Middleware\\Crosser->handle(Object(Illuminate\\Http\\Request), Object(Closure))
#3 C:\\wamp\\www\\project13\\vendor\\laravel\\framework\\src\\Illuminate\\Routing\\Pipeline.php(53): Illuminate\\Pipeline\\Pipeline->Illuminate\\Pipeline\\{closure}(Object(Illuminate\\Http\\Request))
#4 C:\\wamp\\www\\project13\\vendor\\fideloper\\proxy\\src\\TrustProxies.php(57): Illuminate\\Routing\\Pipeline->Illuminate\\Routing\\{closure}(Object(Illuminate\\Http\\Request))
#5 C:\\wamp\\www\\project13\\vendor\\laravel\\framework\\src\\Illuminate\\Pipeline\\Pipeline.php(163): Fideloper\\Proxy\\TrustProxies->handle(Object(Illuminate\\Http\\Request), Object(Closure))
#6 C:\\wamp\\www\\project13\\vendor\\laravel\\framework\\src\\Illuminate\\Routing\\Pipeline.php(53): Illuminate\\Pipeline\\Pipeline->Illuminate\\Pipeline\\{closure}(Object(Illuminate\\Http\\Request))
#7 C:\\wamp\\www\\project13\\vendor\\laravel\\framework\\src\\Illuminate\\Foundation\\Http\\Middleware\\TransformsRequest.php(31): Illuminate\\Routing\\Pipeline->Illuminate\\Routing\\{closure}(Object(Illuminate\\Http\\Request))
#8 C:\\wamp\\www\\project13\\vendor\\laravel\\framework\\src\\Illuminate\\Pipeline\\Pipeline.php(163): Illuminate\\Foundation\\Http\\Middleware\\TransformsRequest->handle(Object(Illuminate\\Http\\Request), Object(Closure))
#9 C:\\wamp\\www\\project13\\vendor\\laravel\\framework\\src\\Illuminate\\Routing\\Pipeline.php(53): Illuminate\\Pipeline\\Pipeline->Illuminate\\Pipeline\\{closure}(Object(Illuminate\\Http\\Request))
#10 C:\\wamp\\www\\project13\\vendor\\laravel\\framework\\src\\Illuminate\\Foundation\\Http\\Middleware\\TransformsRequest.php(31): Illuminate\\Routing\\Pipeline->Illuminate\\Routing\\{closure}(Object(Illuminate\\Http\\Request))
#11 C:\\wamp\\www\\project13\\vendor\\laravel\\framework\\src\\Illuminate\\Pipeline\\Pipeline.php(163): Illuminate\\Foundation\\Http\\Middleware\\TransformsRequest->handle(Object(Illuminate\\Http\\Request), Object(Closure))
#12 C:\\wamp\\www\\project13\\vendor\\laravel\\framework\\src\\Illuminate\\Routing\\Pipeline.php(53): Illuminate\\Pipeline\\Pipeline->Illuminate\\Pipeline\\{closure}(Object(Illuminate\\Http\\Request))
#13 C:\\wamp\\www\\project13\\vendor\\laravel\\framework\\src\\Illuminate\\Foundation\\Http\\Middleware\\ValidatePostSize.php(27): Illuminate\\Routing\\Pipeline->Illuminate\\Routing\\{closure}(Object(Illuminate\\Http\\Request))
#14 C:\\wamp\\www\\project13\\vendor\\laravel\\framework\\src\\Illuminate\\Pipeline\\Pipeline.php(163): Illuminate\\Foundation\\Http\\Middleware\\ValidatePostSize->handle(Object(Illuminate\\Http\\Request), Object(Closure))
#15 C:\\wamp\\www\\project13\\vendor\\laravel\\framework\\src\\Illuminate\\Routing\\Pipeline.php(53): Illuminate\\Pipeline\\Pipeline->Illuminate\\Pipeline\\{closure}(Object(Illuminate\\Http\\Request))
#16 C:\\wamp\\www\\project13\\vendor\\laravel\\framework\\src\\Illuminate\\Foundation\\Http\\Middleware\\CheckForMaintenanceMode.php(62): Illuminate\\Routing\\Pipeline->Illuminate\\Routing\\{closure}(Object(Illuminate\\Http\\Request))
#17 C:\\wamp\\www\\project13\\vendor\\laravel\\framework\\src\\Illuminate\\Pipeline\\Pipeline.php(163): Illuminate\\Foundation\\Http\\Middleware\\CheckForMaintenanceMode->handle(Object(Illuminate\\Http\\Request), Object(Closure))
#18 C:\\wamp\\www\\project13\\vendor\\laravel\\framework\\src\\Illuminate\\Routing\\Pipeline.php(53): Illuminate\\Pipeline\\Pipeline->Illuminate\\Pipeline\\{closure}(Object(Illuminate\\Http\\Request))
#19 C:\\wamp\\www\\project13\\vendor\\laravel\\framework\\src\\Illuminate\\Pipeline\\Pipeline.php(104): Illuminate\\Routing\\Pipeline->Illuminate\\Routing\\{closure}(Object(Illuminate\\Http\\Request))
#20 C:\\wamp\\www\\project13\\vendor\\laravel\\framework\\src\\Illuminate\\Foundation\\Http\\Kernel.php(151): Illuminate\\Pipeline\\Pipeline->then(Object(Closure))
#21 C:\\wamp\\www\\project13\\vendor\\laravel\\framework\\src\\Illuminate\\Foundation\\Http\\Kernel.php(116): Illuminate\\Foundation\\Http\\Kernel->sendRequestThroughRouter(Object(Illuminate\\Http\\Request))
#22 C:\\wamp\\www\\project13\\vendor\\laravel\\framework\\src\\Illuminate\\Foundation\\Testing\\Concerns\\MakesHttpRequests.php(345): Illuminate\\Foundation\\Http\\Kernel->handle(Object(Illuminate\\Http\\Request))
#23 C:\\wamp\\www\\project13\\vendor\\laravel\\framework\\src\\Illuminate\\Foundation\\Testing\\Concerns\\MakesHttpRequests.php(168): Illuminate\\Foundation\\Testing\\TestCase->call('GET', '/', Array, Array, Array, Array)
#24 C:\\wamp\\www\\project13\\tests\\Feature\\ExampleTest.php(17): Illuminate\\Foundation\\Testing\\TestCase->get('/')
#25 C:\\wamp\\www\\project13\\vendor\\phpunit\\phpunit\\src\\Framework\\TestCase.php(1153): Tests\\Feature\\ExampleTest->testBasicTest()
#26 C:\\wamp\\www\\project13\\vendor\\phpunit\\phpunit\\src\\Framework\\TestCase.php(842): PHPUnit\\Framework\\TestCase->runTest()
#27 C:\\wamp\\www\\project13\\vendor\\phpunit\\phpunit\\src\\Framework\\TestResult.php(687): PHPUnit\\Framework\\TestCase->runBare()
#28 C:\\wamp\\www\\project13\\vendor\\phpunit\\phpunit\\src\\Framework\\TestCase.php(796): PHPUnit\\Framework\\TestResult->run(Object(Tests\\Feature\\ExampleTest))
#29 C:\\wamp\\www\\project13\\vendor\\phpunit\\phpunit\\src\\Framework\\TestSuite.php(746): PHPUnit\\Framework\\TestCase->run(Object(PHPUnit\\Framework\\TestResult))
#30 C:\\wamp\\www\\project13\\vendor\\phpunit\\phpunit\\src\\Framework\\TestSuite.php(746): PHPUnit\\Framework\\TestSuite->run(Object(PHPUnit\\Framework\\TestResult))
#31 C:\\wamp\\www\\project13\\vendor\\phpunit\\phpunit\\src\\Framework\\TestSuite.php(746): PHPUnit\\Framework\\TestSuite->run(Object(PHPUnit\\Framework\\TestResult))
#32 C:\\wamp\\www\\project13\\vendor\\phpunit\\phpunit\\src\\TextUI\\TestRunner.php(641): PHPUnit\\Framework\\TestSuite->run(Object(PHPUnit\\Framework\\TestResult))
#33 C:\\wamp\\www\\project13\\vendor\\phpunit\\phpunit\\src\\TextUI\\Command.php(206): PHPUnit\\TextUI\\TestRunner->doRun(Object(PHPUnit\\Framework\\TestSuite), Array, true)
#34 C:\\wamp\\www\\project13\\vendor\\phpunit\\phpunit\\src\\TextUI\\Command.php(162): PHPUnit\\TextUI\\Command->run(Array, true)
#35 C:\\wamp\\www\\project13\\vendor\\phpunit\\phpunit\\phpunit(61): PHPUnit\\TextUI\\Command::main()
#36 {main}
"} 
[2023-11-27 17:58:51] testing.ERROR: Cannot modify header information - headers already sent by (output started at C:\wamp\www\project13\vendor\phpunit\phpunit\src\Util\Printer.php:109) {"exception":"[object] (ErrorException(code: 0): Cannot modify header information - headers already sent by (output started at C:\\wamp\\www\\project13\\vendor\\phpunit\\phpunit\\src\\Util\\Printer.php:109) at C:\\wamp\\www\\project13\\app\\Http\\Middleware\\Crosser.php:16)
[stacktrace]
#0 [internal function]: Illuminate\\Foundation\\Bootstrap\\HandleExceptions->handleError(2, 'Cannot modify h...', 'C:\\\\wamp\\\\www\\\\pro...', 16, Array)
#1 C:\\wamp\\www\\project13\\app\\Http\\Middleware\\Crosser.php(16): header('Access-Control-...')
#2 C:\\wamp\\www\\project13\\vendor\\laravel\\framework\\src\\Illuminate\\Pipeline\\Pipeline.php(163): App\\Http\\Middleware\\Crosser->handle(Object(Illuminate\\Http\\Request), Object(Closure))
#3 C:\\wamp\\www\\project13\\vendor\\laravel\\framework\\src\\Illuminate\\Routing\\Pipeline.php(53): Illuminate\\Pipeline\\Pipeline->Illuminate\\Pipeline\\{closure}(Object(Illuminate\\Http\\Request))
#4 C:\\wamp\\www\\project13\\vendor\\fideloper\\proxy\\src\\TrustProxies.php(57): Illuminate\\Routing\\Pipeline->Illuminate\\Routing\\{closure}(Object(Illuminate\\Http\\Request))
#5 C:\\wamp\\www\\project13\\vendor\\laravel\\framework\\src\\Illuminate\\Pipeline\\Pipeline.php(163): Fideloper\\Proxy\\TrustProxies->handle(Object(Illuminate\\Http\\Request), Object(Closure))
#6 C:\\wamp\\www\\project13\\vendor\\laravel\\framework\\src\\Illuminate\\Routing\\Pipeline.php(53): Illuminate\\Pipeline\\Pipeline->Illuminate\\Pipeline\\{closure}(Object(Illuminate\\Http\\Request))
#7 C:\\wamp\\www\\project13\\vendor\\laravel\\framework\\src\\Illuminate\\Foundation\\Http\\Middleware\\TransformsRequest.php(31): Illuminate\\Routing\\Pipeline->Illuminate\\Routing\\{closure}(Object(Illuminate\\Http\\Request))
#8 C:\\wamp\\www\\project13\\vendor\\laravel\\framework\\src\\Illuminate\\Pipeline\\Pipeline.php(163): Illuminate\\Foundation\\Http\\Middleware\\TransformsRequest->handle(Object(Illuminate\\Http\\Request), Object(Closure))
#9 C:\\wamp\\www\\project13\\vendor\\laravel\\framework\\src\\Illuminate\\Routing\\Pipeline.php(53): Illuminate\\Pipeline\\Pipeline->Illuminate\\Pipeline\\{closure}(Object(Illuminate\\Http\\Request))
#10 C:\\wamp\\www\\project13\\vendor\\laravel\\framework\\src\\Illuminate\\Foundation\\Http\\Middleware\\TransformsRequest.php(31): Illuminate\\Routing\\Pipeline->Illuminate\\Routing\\{closure}(Object(Illuminate\\Http\\Request))
#11 C:\\wamp\\www\\project13\\vendor\\laravel\\framework\\src\\Illuminate\\Pipeline\\Pipeline.php(163): Illuminate\\Foundation\\Http\\Middleware\\TransformsRequest->handle(Object(Illuminate\\Http\\Request), Object(Closure))
#12 C:\\wamp\\www\\project13\\vendor\\laravel\\framework\\src\\Illuminate\\Routing\\Pipeline.php(53): Illuminate\\Pipeline\\Pipeline->Illuminate\\Pipeline\\{closure}(Object(Illuminate\\Http\\Request))
#13 C:\\wamp\\www\\project13\\vendor\\laravel\\framework\\src\\Illuminate\\Foundation\\Http\\Middleware\\ValidatePostSize.php(27): Illuminate\\Routing\\Pipeline->Illuminate\\Routing\\{closure}(Object(Illuminate\\Http\\Request))
#14 C:\\wamp\\www\\project13\\vendor\\laravel\\framework\\src\\Illuminate\\Pipeline\\Pipeline.php(163): Illuminate\\Foundation\\Http\\Middleware\\ValidatePostSize->handle(Object(Illuminate\\Http\\Request), Object(Closure))
#15 C:\\wamp\\www\\project13\\vendor\\laravel\\framework\\src\\Illuminate\\Routing\\Pipeline.php(53): Illuminate\\Pipeline\\Pipeline->Illuminate\\Pipeline\\{closure}(Object(Illuminate\\Http\\Request))
#16 C:\\wamp\\www\\project13\\vendor\\laravel\\framework\\src\\Illuminate\\Foundation\\Http\\Middleware\\CheckForMaintenanceMode.php(62): Illuminate\\Routing\\Pipeline->Illuminate\\Routing\\{closure}(Object(Illuminate\\Http\\Request))
#17 C:\\wamp\\www\\project13\\vendor\\laravel\\framework\\src\\Illuminate\\Pipeline\\Pipeline.php(163): Illuminate\\Foundation\\Http\\Middleware\\CheckForMaintenanceMode->handle(Object(Illuminate\\Http\\Request), Object(Closure))
#18 C:\\wamp\\www\\project13\\vendor\\laravel\\framework\\src\\Illuminate\\Routing\\Pipeline.php(53): Illuminate\\Pipeline\\Pipeline->Illuminate\\Pipeline\\{closure}(Object(Illuminate\\Http\\Request))
#19 C:\\wamp\\www\\project13\\vendor\\laravel\\framework\\src\\Illuminate\\Pipeline\\Pipeline.php(104): Illuminate\\Routing\\Pipeline->Illuminate\\Routing\\{closure}(Object(Illuminate\\Http\\Request))
#20 C:\\wamp\\www\\project13\\vendor\\laravel\\framework\\src\\Illuminate\\Foundation\\Http\\Kernel.php(151): Illuminate\\Pipeline\\Pipeline->then(Object(Closure))
#21 C:\\wamp\\www\\project13\\vendor\\laravel\\framework\\src\\Illuminate\\Foundation\\Http\\Kernel.php(116): Illuminate\\Foundation\\Http\\Kernel->sendRequestThroughRouter(Object(Illuminate\\Http\\Request))
#22 C:\\wamp\\www\\project13\\vendor\\laravel\\framework\\src\\Illuminate\\Foundation\\Testing\\Concerns\\MakesHttpRequests.php(345): Illuminate\\Foundation\\Http\\Kernel->handle(Object(Illuminate\\Http\\Request))
#23 C:\\wamp\\www\\project13\\vendor\\laravel\\framework\\src\\Illuminate\\Foundation\\Testing\\Concerns\\MakesHttpRequests.php(168): Illuminate\\Foundation\\Testing\\TestCase->call('GET', '/', Array, Array, Array, Array)
#24 C:\\wamp\\www\\project13\\tests\\Feature\\ExampleTest.php(17): Illuminate\\Foundation\\Testing\\TestCase->get('/')
#25 C:\\wamp\\www\\project13\\vendor\\phpunit\\phpunit\\src\\Framework\\TestCase.php(1153): Tests\\Feature\\ExampleTest->testBasicTest()
#26 C:\\wamp\\www\\project13\\vendor\\phpunit\\phpunit\\src\\Framework\\TestCase.php(842): PHPUnit\\Framework\\TestCase->runTest()
#27 C:\\wamp\\www\\project13\\vendor\\phpunit\\phpunit\\src\\Framework\\TestResult.php(687): PHPUnit\\Framework\\TestCase->runBare()
#28 C:\\wamp\\www\\project13\\vendor\\phpunit\\phpunit\\src\\Framework\\TestCase.php(796): PHPUnit\\Framework\\TestResult->run(Object(Tests\\Feature\\ExampleTest))
#29 C:\\wamp\\www\\project13\\vendor\\phpunit\\phpunit\\src\\Framework\\TestSuite.php(746): PHPUnit\\Framework\\TestCase->run(Object(PHPUnit\\Framework\\TestResult))
#30 C:\\wamp\\www\\project13\\vendor\\phpunit\\phpunit\\src\\Framework\\TestSuite.php(746): PHPUnit\\Framework\\TestSuite->run(Object(PHPUnit\\Framework\\TestResult))
#31 C:\\wamp\\www\\project13\\vendor\\phpunit\\phpunit\\src\\Framework\\TestSuite.php(746): PHPUnit\\Framework\\TestSuite->run(Object(PHPUnit\\Framework\\TestResult))
#32 C:\\wamp\\www\\project13\\vendor\\phpunit\\phpunit\\src\\TextUI\\TestRunner.php(641): PHPUnit\\Framework\\TestSuite->run(Object(PHPUnit\\Framework\\TestResult))
#33 C:\\wamp\\www\\project13\\vendor\\phpunit\\phpunit\\src\\TextUI\\Command.php(206): PHPUnit\\TextUI\\TestRunner->doRun(Object(PHPUnit\\Framework\\TestSuite), Array, true)
#34 C:\\wamp\\www\\project13\\vendor\\phpunit\\phpunit\\src\\TextUI\\Command.php(162): PHPUnit\\TextUI\\Command->run(Array, true)
#35 C:\\wamp\\www\\project13\\vendor\\phpunit\\phpunit\\phpunit(61): PHPUnit\\TextUI\\Command::main()
#36 {main}
"} 
[2023-11-27 18:46:36] testing.ERROR: Cannot modify header information - headers already sent by (output started at C:\wamp\www\project13\vendor\phpunit\phpunit\src\Util\Printer.php:109) {"exception":"[object] (ErrorException(code: 0): Cannot modify header information - headers already sent by (output started at C:\\wamp\\www\\project13\\vendor\\phpunit\\phpunit\\src\\Util\\Printer.php:109) at C:\\wamp\\www\\project13\\app\\Http\\Middleware\\Crosser.php:16)
[stacktrace]
#0 [internal function]: Illuminate\\Foundation\\Bootstrap\\HandleExceptions->handleError(2, 'Cannot modify h...', 'C:\\\\wamp\\\\www\\\\pro...', 16, Array)
#1 C:\\wamp\\www\\project13\\app\\Http\\Middleware\\Crosser.php(16): header('Access-Control-...')
#2 C:\\wamp\\www\\project13\\vendor\\laravel\\framework\\src\\Illuminate\\Pipeline\\Pipeline.php(163): App\\Http\\Middleware\\Crosser->handle(Object(Illuminate\\Http\\Request), Object(Closure))
#3 C:\\wamp\\www\\project13\\vendor\\laravel\\framework\\src\\Illuminate\\Routing\\Pipeline.php(53): Illuminate\\Pipeline\\Pipeline->Illuminate\\Pipeline\\{closure}(Object(Illuminate\\Http\\Request))
#4 C:\\wamp\\www\\project13\\vendor\\fideloper\\proxy\\src\\TrustProxies.php(57): Illuminate\\Routing\\Pipeline->Illuminate\\Routing\\{closure}(Object(Illuminate\\Http\\Request))
#5 C:\\wamp\\www\\project13\\vendor\\laravel\\framework\\src\\Illuminate\\Pipeline\\Pipeline.php(163): Fideloper\\Proxy\\TrustProxies->handle(Object(Illuminate\\Http\\Request), Object(Closure))
#6 C:\\wamp\\www\\project13\\vendor\\laravel\\framework\\src\\Illuminate\\Routing\\Pipeline.php(53): Illuminate\\Pipeline\\Pipeline->Illuminate\\Pipeline\\{closure}(Object(Illuminate\\Http\\Request))
#7 C:\\wamp\\www\\project13\\vendor\\laravel\\framework\\src\\Illuminate\\Foundation\\Http\\Middleware\\TransformsRequest.php(31): Illuminate\\Routing\\Pipeline->Illuminate\\Routing\\{closure}(Object(Illuminate\\Http\\Request))
#8 C:\\wamp\\www\\project13\\vendor\\laravel\\framework\\src\\Illuminate\\Pipeline\\Pipeline.php(163): Illuminate\\Foundation\\Http\\Middleware\\TransformsRequest->handle(Object(Illuminate\\Http\\Request), Object(Closure))
#9 C:\\wamp\\www\\project13\\vendor\\laravel\\framework\\src\\Illuminate\\Routing\\Pipeline.php(53): Illuminate\\Pipeline\\Pipeline->Illuminate\\Pipeline\\{closure}(Object(Illuminate\\Http\\Request))
#10 C:\\wamp\\www\\project13\\vendor\\laravel\\framework\\src\\Illuminate\\Foundation\\Http\\Middleware\\TransformsRequest.php(31): Illuminate\\Routing\\Pipeline->Illuminate\\Routing\\{closure}(Object(Illuminate\\Http\\Request))
#11 C:\\wamp\\www\\project13\\vendor\\laravel\\framework\\src\\Illuminate\\Pipeline\\Pipeline.php(163): Illuminate\\Foundation\\Http\\Middleware\\TransformsRequest->handle(Object(Illuminate\\Http\\Request), Object(Closure))
#12 C:\\wamp\\www\\project13\\vendor\\laravel\\framework\\src\\Illuminate\\Routing\\Pipeline.php(53): Illuminate\\Pipeline\\Pipeline->Illuminate\\Pipeline\\{closure}(Object(Illuminate\\Http\\Request))
#13 C:\\wamp\\www\\project13\\vendor\\laravel\\framework\\src\\Illuminate\\Foundation\\Http\\Middleware\\ValidatePostSize.php(27): Illuminate\\Routing\\Pipeline->Illuminate\\Routing\\{closure}(Object(Illuminate\\Http\\Request))
#14 C:\\wamp\\www\\project13\\vendor\\laravel\\framework\\src\\Illuminate\\Pipeline\\Pipeline.php(163): Illuminate\\Foundation\\Http\\Middleware\\ValidatePostSize->handle(Object(Illuminate\\Http\\Request), Object(Closure))
#15 C:\\wamp\\www\\project13\\vendor\\laravel\\framework\\src\\Illuminate\\Routing\\Pipeline.php(53): Illuminate\\Pipeline\\Pipeline->Illuminate\\Pipeline\\{closure}(Object(Illuminate\\Http\\Request))
#16 C:\\wamp\\www\\project13\\vendor\\laravel\\framework\\src\\Illuminate\\Foundation\\Http\\Middleware\\CheckForMaintenanceMode.php(62): Illuminate\\Routing\\Pipeline->Illuminate\\Routing\\{closure}(Object(Illuminate\\Http\\Request))
#17 C:\\wamp\\www\\project13\\vendor\\laravel\\framework\\src\\Illuminate\\Pipeline\\Pipeline.php(163): Illuminate\\Foundation\\Http\\Middleware\\CheckForMaintenanceMode->handle(Object(Illuminate\\Http\\Request), Object(Closure))
#18 C:\\wamp\\www\\project13\\vendor\\laravel\\framework\\src\\Illuminate\\Routing\\Pipeline.php(53): Illuminate\\Pipeline\\Pipeline->Illuminate\\Pipeline\\{closure}(Object(Illuminate\\Http\\Request))
#19 C:\\wamp\\www\\project13\\vendor\\laravel\\framework\\src\\Illuminate\\Pipeline\\Pipeline.php(104): Illuminate\\Routing\\Pipeline->Illuminate\\Routing\\{closure}(Object(Illuminate\\Http\\Request))
#20 C:\\wamp\\www\\project13\\vendor\\laravel\\framework\\src\\Illuminate\\Foundation\\Http\\Kernel.php(151): Illuminate\\Pipeline\\Pipeline->then(Object(Closure))
#21 C:\\wamp\\www\\project13\\vendor\\laravel\\framework\\src\\Illuminate\\Foundation\\Http\\Kernel.php(116): Illuminate\\Foundation\\Http\\Kernel->sendRequestThroughRouter(Object(Illuminate\\Http\\Request))
#22 C:\\wamp\\www\\project13\\vendor\\laravel\\framework\\src\\Illuminate\\Foundation\\Testing\\Concerns\\MakesHttpRequests.php(345): Illuminate\\Foundation\\Http\\Kernel->handle(Object(Illuminate\\Http\\Request))
#23 C:\\wamp\\www\\project13\\vendor\\laravel\\framework\\src\\Illuminate\\Foundation\\Testing\\Concerns\\MakesHttpRequests.php(168): Illuminate\\Foundation\\Testing\\TestCase->call('GET', '/', Array, Array, Array, Array)
#24 C:\\wamp\\www\\project13\\tests\\Feature\\ExampleTest.php(17): Illuminate\\Foundation\\Testing\\TestCase->get('/')
#25 C:\\wamp\\www\\project13\\vendor\\phpunit\\phpunit\\src\\Framework\\TestCase.php(1153): Tests\\Feature\\ExampleTest->testBasicTest()
#26 C:\\wamp\\www\\project13\\vendor\\phpunit\\phpunit\\src\\Framework\\TestCase.php(842): PHPUnit\\Framework\\TestCase->runTest()
#27 C:\\wamp\\www\\project13\\vendor\\phpunit\\phpunit\\src\\Framework\\TestResult.php(687): PHPUnit\\Framework\\TestCase->runBare()
#28 C:\\wamp\\www\\project13\\vendor\\phpunit\\phpunit\\src\\Framework\\TestCase.php(796): PHPUnit\\Framework\\TestResult->run(Object(Tests\\Feature\\ExampleTest))
#29 C:\\wamp\\www\\project13\\vendor\\phpunit\\phpunit\\src\\Framework\\TestSuite.php(746): PHPUnit\\Framework\\TestCase->run(Object(PHPUnit\\Framework\\TestResult))
#30 C:\\wamp\\www\\project13\\vendor\\phpunit\\phpunit\\src\\Framework\\TestSuite.php(746): PHPUnit\\Framework\\TestSuite->run(Object(PHPUnit\\Framework\\TestResult))
#31 C:\\wamp\\www\\project13\\vendor\\phpunit\\phpunit\\src\\Framework\\TestSuite.php(746): PHPUnit\\Framework\\TestSuite->run(Object(PHPUnit\\Framework\\TestResult))
#32 C:\\wamp\\www\\project13\\vendor\\phpunit\\phpunit\\src\\TextUI\\TestRunner.php(641): PHPUnit\\Framework\\TestSuite->run(Object(PHPUnit\\Framework\\TestResult))
#33 C:\\wamp\\www\\project13\\vendor\\phpunit\\phpunit\\src\\TextUI\\Command.php(206): PHPUnit\\TextUI\\TestRunner->doRun(Object(PHPUnit\\Framework\\TestSuite), Array, true)
#34 C:\\wamp\\www\\project13\\vendor\\phpunit\\phpunit\\src\\TextUI\\Command.php(162): PHPUnit\\TextUI\\Command->run(Array, true)
#35 C:\\wamp\\www\\project13\\vendor\\phpunit\\phpunit\\phpunit(61): PHPUnit\\TextUI\\Command::main()
#36 {main}
"} 
[2023-11-27 19:09:44] testing.ERROR: Cannot modify header information - headers already sent by (output started at C:\wamp\www\project13\vendor\phpunit\phpunit\src\Util\Printer.php:109) {"exception":"[object] (ErrorException(code: 0): Cannot modify header information - headers already sent by (output started at C:\\wamp\\www\\project13\\vendor\\phpunit\\phpunit\\src\\Util\\Printer.php:109) at C:\\wamp\\www\\project13\\app\\Http\\Middleware\\Crosser.php:16)
[stacktrace]
#0 [internal function]: Illuminate\\Foundation\\Bootstrap\\HandleExceptions->handleError(2, 'Cannot modify h...', 'C:\\\\wamp\\\\www\\\\pro...', 16, Array)
#1 C:\\wamp\\www\\project13\\app\\Http\\Middleware\\Crosser.php(16): header('Access-Control-...')
#2 C:\\wamp\\www\\project13\\vendor\\laravel\\framework\\src\\Illuminate\\Pipeline\\Pipeline.php(163): App\\Http\\Middleware\\Crosser->handle(Object(Illuminate\\Http\\Request), Object(Closure))
#3 C:\\wamp\\www\\project13\\vendor\\laravel\\framework\\src\\Illuminate\\Routing\\Pipeline.php(53): Illuminate\\Pipeline\\Pipeline->Illuminate\\Pipeline\\{closure}(Object(Illuminate\\Http\\Request))
#4 C:\\wamp\\www\\project13\\vendor\\fideloper\\proxy\\src\\TrustProxies.php(57): Illuminate\\Routing\\Pipeline->Illuminate\\Routing\\{closure}(Object(Illuminate\\Http\\Request))
#5 C:\\wamp\\www\\project13\\vendor\\laravel\\framework\\src\\Illuminate\\Pipeline\\Pipeline.php(163): Fideloper\\Proxy\\TrustProxies->handle(Object(Illuminate\\Http\\Request), Object(Closure))
#6 C:\\wamp\\www\\project13\\vendor\\laravel\\framework\\src\\Illuminate\\Routing\\Pipeline.php(53): Illuminate\\Pipeline\\Pipeline->Illuminate\\Pipeline\\{closure}(Object(Illuminate\\Http\\Request))
#7 C:\\wamp\\www\\project13\\vendor\\laravel\\framework\\src\\Illuminate\\Foundation\\Http\\Middleware\\TransformsRequest.php(31): Illuminate\\Routing\\Pipeline->Illuminate\\Routing\\{closure}(Object(Illuminate\\Http\\Request))
#8 C:\\wamp\\www\\project13\\vendor\\laravel\\framework\\src\\Illuminate\\Pipeline\\Pipeline.php(163): Illuminate\\Foundation\\Http\\Middleware\\TransformsRequest->handle(Object(Illuminate\\Http\\Request), Object(Closure))
#9 C:\\wamp\\www\\project13\\vendor\\laravel\\framework\\src\\Illuminate\\Routing\\Pipeline.php(53): Illuminate\\Pipeline\\Pipeline->Illuminate\\Pipeline\\{closure}(Object(Illuminate\\Http\\Request))
#10 C:\\wamp\\www\\project13\\vendor\\laravel\\framework\\src\\Illuminate\\Foundation\\Http\\Middleware\\TransformsRequest.php(31): Illuminate\\Routing\\Pipeline->Illuminate\\Routing\\{closure}(Object(Illuminate\\Http\\Request))
#11 C:\\wamp\\www\\project13\\vendor\\laravel\\framework\\src\\Illuminate\\Pipeline\\Pipeline.php(163): Illuminate\\Foundation\\Http\\Middleware\\TransformsRequest->handle(Object(Illuminate\\Http\\Request), Object(Closure))
#12 C:\\wamp\\www\\project13\\vendor\\laravel\\framework\\src\\Illuminate\\Routing\\Pipeline.php(53): Illuminate\\Pipeline\\Pipeline->Illuminate\\Pipeline\\{closure}(Object(Illuminate\\Http\\Request))
#13 C:\\wamp\\www\\project13\\vendor\\laravel\\framework\\src\\Illuminate\\Foundation\\Http\\Middleware\\ValidatePostSize.php(27): Illuminate\\Routing\\Pipeline->Illuminate\\Routing\\{closure}(Object(Illuminate\\Http\\Request))
#14 C:\\wamp\\www\\project13\\vendor\\laravel\\framework\\src\\Illuminate\\Pipeline\\Pipeline.php(163): Illuminate\\Foundation\\Http\\Middleware\\ValidatePostSize->handle(Object(Illuminate\\Http\\Request), Object(Closure))
#15 C:\\wamp\\www\\project13\\vendor\\laravel\\framework\\src\\Illuminate\\Routing\\Pipeline.php(53): Illuminate\\Pipeline\\Pipeline->Illuminate\\Pipeline\\{closure}(Object(Illuminate\\Http\\Request))
#16 C:\\wamp\\www\\project13\\vendor\\laravel\\framework\\src\\Illuminate\\Foundation\\Http\\Middleware\\CheckForMaintenanceMode.php(62): Illuminate\\Routing\\Pipeline->Illuminate\\Routing\\{closure}(Object(Illuminate\\Http\\Request))
#17 C:\\wamp\\www\\project13\\vendor\\laravel\\framework\\src\\Illuminate\\Pipeline\\Pipeline.php(163): Illuminate\\Foundation\\Http\\Middleware\\CheckForMaintenanceMode->handle(Object(Illuminate\\Http\\Request), Object(Closure))
#18 C:\\wamp\\www\\project13\\vendor\\laravel\\framework\\src\\Illuminate\\Routing\\Pipeline.php(53): Illuminate\\Pipeline\\Pipeline->Illuminate\\Pipeline\\{closure}(Object(Illuminate\\Http\\Request))
#19 C:\\wamp\\www\\project13\\vendor\\laravel\\framework\\src\\Illuminate\\Pipeline\\Pipeline.php(104): Illuminate\\Routing\\Pipeline->Illuminate\\Routing\\{closure}(Object(Illuminate\\Http\\Request))
#20 C:\\wamp\\www\\project13\\vendor\\laravel\\framework\\src\\Illuminate\\Foundation\\Http\\Kernel.php(151): Illuminate\\Pipeline\\Pipeline->then(Object(Closure))
#21 C:\\wamp\\www\\project13\\vendor\\laravel\\framework\\src\\Illuminate\\Foundation\\Http\\Kernel.php(116): Illuminate\\Foundation\\Http\\Kernel->sendRequestThroughRouter(Object(Illuminate\\Http\\Request))
#22 C:\\wamp\\www\\project13\\vendor\\laravel\\framework\\src\\Illuminate\\Foundation\\Testing\\Concerns\\MakesHttpRequests.php(345): Illuminate\\Foundation\\Http\\Kernel->handle(Object(Illuminate\\Http\\Request))
#23 C:\\wamp\\www\\project13\\vendor\\laravel\\framework\\src\\Illuminate\\Foundation\\Testing\\Concerns\\MakesHttpRequests.php(168): Illuminate\\Foundation\\Testing\\TestCase->call('GET', '/', Array, Array, Array, Array)
#24 C:\\wamp\\www\\project13\\tests\\Feature\\ExampleTest.php(17): Illuminate\\Foundation\\Testing\\TestCase->get('/')
#25 C:\\wamp\\www\\project13\\vendor\\phpunit\\phpunit\\src\\Framework\\TestCase.php(1153): Tests\\Feature\\ExampleTest->testBasicTest()
#26 C:\\wamp\\www\\project13\\vendor\\phpunit\\phpunit\\src\\Framework\\TestCase.php(842): PHPUnit\\Framework\\TestCase->runTest()
#27 C:\\wamp\\www\\project13\\vendor\\phpunit\\phpunit\\src\\Framework\\TestResult.php(687): PHPUnit\\Framework\\TestCase->runBare()
#28 C:\\wamp\\www\\project13\\vendor\\phpunit\\phpunit\\src\\Framework\\TestCase.php(796): PHPUnit\\Framework\\TestResult->run(Object(Tests\\Feature\\ExampleTest))
#29 C:\\wamp\\www\\project13\\vendor\\phpunit\\phpunit\\src\\Framework\\TestSuite.php(746): PHPUnit\\Framework\\TestCase->run(Object(PHPUnit\\Framework\\TestResult))
#30 C:\\wamp\\www\\project13\\vendor\\phpunit\\phpunit\\src\\Framework\\TestSuite.php(746): PHPUnit\\Framework\\TestSuite->run(Object(PHPUnit\\Framework\\TestResult))
#31 C:\\wamp\\www\\project13\\vendor\\phpunit\\phpunit\\src\\Framework\\TestSuite.php(746): PHPUnit\\Framework\\TestSuite->run(Object(PHPUnit\\Framework\\TestResult))
#32 C:\\wamp\\www\\project13\\vendor\\phpunit\\phpunit\\src\\TextUI\\TestRunner.php(641): PHPUnit\\Framework\\TestSuite->run(Object(PHPUnit\\Framework\\TestResult))
#33 C:\\wamp\\www\\project13\\vendor\\phpunit\\phpunit\\src\\TextUI\\Command.php(206): PHPUnit\\TextUI\\TestRunner->doRun(Object(PHPUnit\\Framework\\TestSuite), Array, true)
#34 C:\\wamp\\www\\project13\\vendor\\phpunit\\phpunit\\src\\TextUI\\Command.php(162): PHPUnit\\TextUI\\Command->run(Array, true)
#35 C:\\wamp\\www\\project13\\vendor\\phpunit\\phpunit\\phpunit(61): PHPUnit\\TextUI\\Command::main()
#36 {main}
"} 
[2023-11-27 19:15:53] testing.ERROR: Cannot modify header information - headers already sent by (output started at C:\wamp\www\project13\vendor\phpunit\phpunit\src\Util\Printer.php:109) {"exception":"[object] (ErrorException(code: 0): Cannot modify header information - headers already sent by (output started at C:\\wamp\\www\\project13\\vendor\\phpunit\\phpunit\\src\\Util\\Printer.php:109) at C:\\wamp\\www\\project13\\app\\Http\\Middleware\\Crosser.php:16)
[stacktrace]
#0 [internal function]: Illuminate\\Foundation\\Bootstrap\\HandleExceptions->handleError(2, 'Cannot modify h...', 'C:\\\\wamp\\\\www\\\\pro...', 16, Array)
#1 C:\\wamp\\www\\project13\\app\\Http\\Middleware\\Crosser.php(16): header('Access-Control-...')
#2 C:\\wamp\\www\\project13\\vendor\\laravel\\framework\\src\\Illuminate\\Pipeline\\Pipeline.php(163): App\\Http\\Middleware\\Crosser->handle(Object(Illuminate\\Http\\Request), Object(Closure))
#3 C:\\wamp\\www\\project13\\vendor\\laravel\\framework\\src\\Illuminate\\Routing\\Pipeline.php(53): Illuminate\\Pipeline\\Pipeline->Illuminate\\Pipeline\\{closure}(Object(Illuminate\\Http\\Request))
#4 C:\\wamp\\www\\project13\\vendor\\fideloper\\proxy\\src\\TrustProxies.php(57): Illuminate\\Routing\\Pipeline->Illuminate\\Routing\\{closure}(Object(Illuminate\\Http\\Request))
#5 C:\\wamp\\www\\project13\\vendor\\laravel\\framework\\src\\Illuminate\\Pipeline\\Pipeline.php(163): Fideloper\\Proxy\\TrustProxies->handle(Object(Illuminate\\Http\\Request), Object(Closure))
#6 C:\\wamp\\www\\project13\\vendor\\laravel\\framework\\src\\Illuminate\\Routing\\Pipeline.php(53): Illuminate\\Pipeline\\Pipeline->Illuminate\\Pipeline\\{closure}(Object(Illuminate\\Http\\Request))
#7 C:\\wamp\\www\\project13\\vendor\\laravel\\framework\\src\\Illuminate\\Foundation\\Http\\Middleware\\TransformsRequest.php(31): Illuminate\\Routing\\Pipeline->Illuminate\\Routing\\{closure}(Object(Illuminate\\Http\\Request))
#8 C:\\wamp\\www\\project13\\vendor\\laravel\\framework\\src\\Illuminate\\Pipeline\\Pipeline.php(163): Illuminate\\Foundation\\Http\\Middleware\\TransformsRequest->handle(Object(Illuminate\\Http\\Request), Object(Closure))
#9 C:\\wamp\\www\\project13\\vendor\\laravel\\framework\\src\\Illuminate\\Routing\\Pipeline.php(53): Illuminate\\Pipeline\\Pipeline->Illuminate\\Pipeline\\{closure}(Object(Illuminate\\Http\\Request))
#10 C:\\wamp\\www\\project13\\vendor\\laravel\\framework\\src\\Illuminate\\Foundation\\Http\\Middleware\\TransformsRequest.php(31): Illuminate\\Routing\\Pipeline->Illuminate\\Routing\\{closure}(Object(Illuminate\\Http\\Request))
#11 C:\\wamp\\www\\project13\\vendor\\laravel\\framework\\src\\Illuminate\\Pipeline\\Pipeline.php(163): Illuminate\\Foundation\\Http\\Middleware\\TransformsRequest->handle(Object(Illuminate\\Http\\Request), Object(Closure))
#12 C:\\wamp\\www\\project13\\vendor\\laravel\\framework\\src\\Illuminate\\Routing\\Pipeline.php(53): Illuminate\\Pipeline\\Pipeline->Illuminate\\Pipeline\\{closure}(Object(Illuminate\\Http\\Request))
#13 C:\\wamp\\www\\project13\\vendor\\laravel\\framework\\src\\Illuminate\\Foundation\\Http\\Middleware\\ValidatePostSize.php(27): Illuminate\\Routing\\Pipeline->Illuminate\\Routing\\{closure}(Object(Illuminate\\Http\\Request))
#14 C:\\wamp\\www\\project13\\vendor\\laravel\\framework\\src\\Illuminate\\Pipeline\\Pipeline.php(163): Illuminate\\Foundation\\Http\\Middleware\\ValidatePostSize->handle(Object(Illuminate\\Http\\Request), Object(Closure))
#15 C:\\wamp\\www\\project13\\vendor\\laravel\\framework\\src\\Illuminate\\Routing\\Pipeline.php(53): Illuminate\\Pipeline\\Pipeline->Illuminate\\Pipeline\\{closure}(Object(Illuminate\\Http\\Request))
#16 C:\\wamp\\www\\project13\\vendor\\laravel\\framework\\src\\Illuminate\\Foundation\\Http\\Middleware\\CheckForMaintenanceMode.php(62): Illuminate\\Routing\\Pipeline->Illuminate\\Routing\\{closure}(Object(Illuminate\\Http\\Request))
#17 C:\\wamp\\www\\project13\\vendor\\laravel\\framework\\src\\Illuminate\\Pipeline\\Pipeline.php(163): Illuminate\\Foundation\\Http\\Middleware\\CheckForMaintenanceMode->handle(Object(Illuminate\\Http\\Request), Object(Closure))
#18 C:\\wamp\\www\\project13\\vendor\\laravel\\framework\\src\\Illuminate\\Routing\\Pipeline.php(53): Illuminate\\Pipeline\\Pipeline->Illuminate\\Pipeline\\{closure}(Object(Illuminate\\Http\\Request))
#19 C:\\wamp\\www\\project13\\vendor\\laravel\\framework\\src\\Illuminate\\Pipeline\\Pipeline.php(104): Illuminate\\Routing\\Pipeline->Illuminate\\Routing\\{closure}(Object(Illuminate\\Http\\Request))
#20 C:\\wamp\\www\\project13\\vendor\\laravel\\framework\\src\\Illuminate\\Foundation\\Http\\Kernel.php(151): Illuminate\\Pipeline\\Pipeline->then(Object(Closure))
#21 C:\\wamp\\www\\project13\\vendor\\laravel\\framework\\src\\Illuminate\\Foundation\\Http\\Kernel.php(116): Illuminate\\Foundation\\Http\\Kernel->sendRequestThroughRouter(Object(Illuminate\\Http\\Request))
#22 C:\\wamp\\www\\project13\\vendor\\laravel\\framework\\src\\Illuminate\\Foundation\\Testing\\Concerns\\MakesHttpRequests.php(345): Illuminate\\Foundation\\Http\\Kernel->handle(Object(Illuminate\\Http\\Request))
#23 C:\\wamp\\www\\project13\\vendor\\laravel\\framework\\src\\Illuminate\\Foundation\\Testing\\Concerns\\MakesHttpRequests.php(168): Illuminate\\Foundation\\Testing\\TestCase->call('GET', '/', Array, Array, Array, Array)
#24 C:\\wamp\\www\\project13\\tests\\Feature\\ExampleTest.php(17): Illuminate\\Foundation\\Testing\\TestCase->get('/')
#25 C:\\wamp\\www\\project13\\vendor\\phpunit\\phpunit\\src\\Framework\\TestCase.php(1153): Tests\\Feature\\ExampleTest->testBasicTest()
#26 C:\\wamp\\www\\project13\\vendor\\phpunit\\phpunit\\src\\Framework\\TestCase.php(842): PHPUnit\\Framework\\TestCase->runTest()
#27 C:\\wamp\\www\\project13\\vendor\\phpunit\\phpunit\\src\\Framework\\TestResult.php(687): PHPUnit\\Framework\\TestCase->runBare()
#28 C:\\wamp\\www\\project13\\vendor\\phpunit\\phpunit\\src\\Framework\\TestCase.php(796): PHPUnit\\Framework\\TestResult->run(Object(Tests\\Feature\\ExampleTest))
#29 C:\\wamp\\www\\project13\\vendor\\phpunit\\phpunit\\src\\Framework\\TestSuite.php(746): PHPUnit\\Framework\\TestCase->run(Object(PHPUnit\\Framework\\TestResult))
#30 C:\\wamp\\www\\project13\\vendor\\phpunit\\phpunit\\src\\Framework\\TestSuite.php(746): PHPUnit\\Framework\\TestSuite->run(Object(PHPUnit\\Framework\\TestResult))
#31 C:\\wamp\\www\\project13\\vendor\\phpunit\\phpunit\\src\\Framework\\TestSuite.php(746): PHPUnit\\Framework\\TestSuite->run(Object(PHPUnit\\Framework\\TestResult))
#32 C:\\wamp\\www\\project13\\vendor\\phpunit\\phpunit\\src\\TextUI\\TestRunner.php(641): PHPUnit\\Framework\\TestSuite->run(Object(PHPUnit\\Framework\\TestResult))
#33 C:\\wamp\\www\\project13\\vendor\\phpunit\\phpunit\\src\\TextUI\\Command.php(206): PHPUnit\\TextUI\\TestRunner->doRun(Object(PHPUnit\\Framework\\TestSuite), Array, true)
#34 C:\\wamp\\www\\project13\\vendor\\phpunit\\phpunit\\src\\TextUI\\Command.php(162): PHPUnit\\TextUI\\Command->run(Array, true)
#35 C:\\wamp\\www\\project13\\vendor\\phpunit\\phpunit\\phpunit(61): PHPUnit\\TextUI\\Command::main()
#36 {main}
"} 
[2023-11-27 19:32:01] testing.ERROR: Cannot modify header information - headers already sent by (output started at C:\wamp\www\project13\vendor\phpunit\phpunit\src\Util\Printer.php:109) {"exception":"[object] (ErrorException(code: 0): Cannot modify header information - headers already sent by (output started at C:\\wamp\\www\\project13\\vendor\\phpunit\\phpunit\\src\\Util\\Printer.php:109) at C:\\wamp\\www\\project13\\app\\Http\\Middleware\\Crosser.php:16)
[stacktrace]
#0 [internal function]: Illuminate\\Foundation\\Bootstrap\\HandleExceptions->handleError(2, 'Cannot modify h...', 'C:\\\\wamp\\\\www\\\\pro...', 16, Array)
#1 C:\\wamp\\www\\project13\\app\\Http\\Middleware\\Crosser.php(16): header('Access-Control-...')
#2 C:\\wamp\\www\\project13\\vendor\\laravel\\framework\\src\\Illuminate\\Pipeline\\Pipeline.php(163): App\\Http\\Middleware\\Crosser->handle(Object(Illuminate\\Http\\Request), Object(Closure))
#3 C:\\wamp\\www\\project13\\vendor\\laravel\\framework\\src\\Illuminate\\Routing\\Pipeline.php(53): Illuminate\\Pipeline\\Pipeline->Illuminate\\Pipeline\\{closure}(Object(Illuminate\\Http\\Request))
#4 C:\\wamp\\www\\project13\\vendor\\fideloper\\proxy\\src\\TrustProxies.php(57): Illuminate\\Routing\\Pipeline->Illuminate\\Routing\\{closure}(Object(Illuminate\\Http\\Request))
#5 C:\\wamp\\www\\project13\\vendor\\laravel\\framework\\src\\Illuminate\\Pipeline\\Pipeline.php(163): Fideloper\\Proxy\\TrustProxies->handle(Object(Illuminate\\Http\\Request), Object(Closure))
#6 C:\\wamp\\www\\project13\\vendor\\laravel\\framework\\src\\Illuminate\\Routing\\Pipeline.php(53): Illuminate\\Pipeline\\Pipeline->Illuminate\\Pipeline\\{closure}(Object(Illuminate\\Http\\Request))
#7 C:\\wamp\\www\\project13\\vendor\\laravel\\framework\\src\\Illuminate\\Foundation\\Http\\Middleware\\TransformsRequest.php(31): Illuminate\\Routing\\Pipeline->Illuminate\\Routing\\{closure}(Object(Illuminate\\Http\\Request))
#8 C:\\wamp\\www\\project13\\vendor\\laravel\\framework\\src\\Illuminate\\Pipeline\\Pipeline.php(163): Illuminate\\Foundation\\Http\\Middleware\\TransformsRequest->handle(Object(Illuminate\\Http\\Request), Object(Closure))
#9 C:\\wamp\\www\\project13\\vendor\\laravel\\framework\\src\\Illuminate\\Routing\\Pipeline.php(53): Illuminate\\Pipeline\\Pipeline->Illuminate\\Pipeline\\{closure}(Object(Illuminate\\Http\\Request))
#10 C:\\wamp\\www\\project13\\vendor\\laravel\\framework\\src\\Illuminate\\Foundation\\Http\\Middleware\\TransformsRequest.php(31): Illuminate\\Routing\\Pipeline->Illuminate\\Routing\\{closure}(Object(Illuminate\\Http\\Request))
#11 C:\\wamp\\www\\project13\\vendor\\laravel\\framework\\src\\Illuminate\\Pipeline\\Pipeline.php(163): Illuminate\\Foundation\\Http\\Middleware\\TransformsRequest->handle(Object(Illuminate\\Http\\Request), Object(Closure))
#12 C:\\wamp\\www\\project13\\vendor\\laravel\\framework\\src\\Illuminate\\Routing\\Pipeline.php(53): Illuminate\\Pipeline\\Pipeline->Illuminate\\Pipeline\\{closure}(Object(Illuminate\\Http\\Request))
#13 C:\\wamp\\www\\project13\\vendor\\laravel\\framework\\src\\Illuminate\\Foundation\\Http\\Middleware\\ValidatePostSize.php(27): Illuminate\\Routing\\Pipeline->Illuminate\\Routing\\{closure}(Object(Illuminate\\Http\\Request))
#14 C:\\wamp\\www\\project13\\vendor\\laravel\\framework\\src\\Illuminate\\Pipeline\\Pipeline.php(163): Illuminate\\Foundation\\Http\\Middleware\\ValidatePostSize->handle(Object(Illuminate\\Http\\Request), Object(Closure))
#15 C:\\wamp\\www\\project13\\vendor\\laravel\\framework\\src\\Illuminate\\Routing\\Pipeline.php(53): Illuminate\\Pipeline\\Pipeline->Illuminate\\Pipeline\\{closure}(Object(Illuminate\\Http\\Request))
#16 C:\\wamp\\www\\project13\\vendor\\laravel\\framework\\src\\Illuminate\\Foundation\\Http\\Middleware\\CheckForMaintenanceMode.php(62): Illuminate\\Routing\\Pipeline->Illuminate\\Routing\\{closure}(Object(Illuminate\\Http\\Request))
#17 C:\\wamp\\www\\project13\\vendor\\laravel\\framework\\src\\Illuminate\\Pipeline\\Pipeline.php(163): Illuminate\\Foundation\\Http\\Middleware\\CheckForMaintenanceMode->handle(Object(Illuminate\\Http\\Request), Object(Closure))
#18 C:\\wamp\\www\\project13\\vendor\\laravel\\framework\\src\\Illuminate\\Routing\\Pipeline.php(53): Illuminate\\Pipeline\\Pipeline->Illuminate\\Pipeline\\{closure}(Object(Illuminate\\Http\\Request))
#19 C:\\wamp\\www\\project13\\vendor\\laravel\\framework\\src\\Illuminate\\Pipeline\\Pipeline.php(104): Illuminate\\Routing\\Pipeline->Illuminate\\Routing\\{closure}(Object(Illuminate\\Http\\Request))
#20 C:\\wamp\\www\\project13\\vendor\\laravel\\framework\\src\\Illuminate\\Foundation\\Http\\Kernel.php(151): Illuminate\\Pipeline\\Pipeline->then(Object(Closure))
#21 C:\\wamp\\www\\project13\\vendor\\laravel\\framework\\src\\Illuminate\\Foundation\\Http\\Kernel.php(116): Illuminate\\Foundation\\Http\\Kernel->sendRequestThroughRouter(Object(Illuminate\\Http\\Request))
#22 C:\\wamp\\www\\project13\\vendor\\laravel\\framework\\src\\Illuminate\\Foundation\\Testing\\Concerns\\MakesHttpRequests.php(345): Illuminate\\Foundation\\Http\\Kernel->handle(Object(Illuminate\\Http\\Request))
#23 C:\\wamp\\www\\project13\\vendor\\laravel\\framework\\src\\Illuminate\\Foundation\\Testing\\Concerns\\MakesHttpRequests.php(168): Illuminate\\Foundation\\Testing\\TestCase->call('GET', '/', Array, Array, Array, Array)
#24 C:\\wamp\\www\\project13\\tests\\Feature\\ExampleTest.php(17): Illuminate\\Foundation\\Testing\\TestCase->get('/')
#25 C:\\wamp\\www\\project13\\vendor\\phpunit\\phpunit\\src\\Framework\\TestCase.php(1153): Tests\\Feature\\ExampleTest->testBasicTest()
#26 C:\\wamp\\www\\project13\\vendor\\phpunit\\phpunit\\src\\Framework\\TestCase.php(842): PHPUnit\\Framework\\TestCase->runTest()
#27 C:\\wamp\\www\\project13\\vendor\\phpunit\\phpunit\\src\\Framework\\TestResult.php(687): PHPUnit\\Framework\\TestCase->runBare()
#28 C:\\wamp\\www\\project13\\vendor\\phpunit\\phpunit\\src\\Framework\\TestCase.php(796): PHPUnit\\Framework\\TestResult->run(Object(Tests\\Feature\\ExampleTest))
#29 C:\\wamp\\www\\project13\\vendor\\phpunit\\phpunit\\src\\Framework\\TestSuite.php(746): PHPUnit\\Framework\\TestCase->run(Object(PHPUnit\\Framework\\TestResult))
#30 C:\\wamp\\www\\project13\\vendor\\phpunit\\phpunit\\src\\Framework\\TestSuite.php(746): PHPUnit\\Framework\\TestSuite->run(Object(PHPUnit\\Framework\\TestResult))
#31 C:\\wamp\\www\\project13\\vendor\\phpunit\\phpunit\\src\\Framework\\TestSuite.php(746): PHPUnit\\Framework\\TestSuite->run(Object(PHPUnit\\Framework\\TestResult))
#32 C:\\wamp\\www\\project13\\vendor\\phpunit\\phpunit\\src\\TextUI\\TestRunner.php(641): PHPUnit\\Framework\\TestSuite->run(Object(PHPUnit\\Framework\\TestResult))
#33 C:\\wamp\\www\\project13\\vendor\\phpunit\\phpunit\\src\\TextUI\\Command.php(206): PHPUnit\\TextUI\\TestRunner->doRun(Object(PHPUnit\\Framework\\TestSuite), Array, true)
#34 C:\\wamp\\www\\project13\\vendor\\phpunit\\phpunit\\src\\TextUI\\Command.php(162): PHPUnit\\TextUI\\Command->run(Array, true)
#35 C:\\wamp\\www\\project13\\vendor\\phpunit\\phpunit\\phpunit(61): PHPUnit\\TextUI\\Command::main()
#36 {main}
"} 
[2023-11-27 19:33:15] testing.ERROR: Cannot modify header information - headers already sent by (output started at C:\wamp\www\project13\vendor\phpunit\phpunit\src\Util\Printer.php:109) {"exception":"[object] (ErrorException(code: 0): Cannot modify header information - headers already sent by (output started at C:\\wamp\\www\\project13\\vendor\\phpunit\\phpunit\\src\\Util\\Printer.php:109) at C:\\wamp\\www\\project13\\app\\Http\\Middleware\\Crosser.php:16)
[stacktrace]
#0 [internal function]: Illuminate\\Foundation\\Bootstrap\\HandleExceptions->handleError(2, 'Cannot modify h...', 'C:\\\\wamp\\\\www\\\\pro...', 16, Array)
#1 C:\\wamp\\www\\project13\\app\\Http\\Middleware\\Crosser.php(16): header('Access-Control-...')
#2 C:\\wamp\\www\\project13\\vendor\\laravel\\framework\\src\\Illuminate\\Pipeline\\Pipeline.php(163): App\\Http\\Middleware\\Crosser->handle(Object(Illuminate\\Http\\Request), Object(Closure))
#3 C:\\wamp\\www\\project13\\vendor\\laravel\\framework\\src\\Illuminate\\Routing\\Pipeline.php(53): Illuminate\\Pipeline\\Pipeline->Illuminate\\Pipeline\\{closure}(Object(Illuminate\\Http\\Request))
#4 C:\\wamp\\www\\project13\\vendor\\fideloper\\proxy\\src\\TrustProxies.php(57): Illuminate\\Routing\\Pipeline->Illuminate\\Routing\\{closure}(Object(Illuminate\\Http\\Request))
#5 C:\\wamp\\www\\project13\\vendor\\laravel\\framework\\src\\Illuminate\\Pipeline\\Pipeline.php(163): Fideloper\\Proxy\\TrustProxies->handle(Object(Illuminate\\Http\\Request), Object(Closure))
#6 C:\\wamp\\www\\project13\\vendor\\laravel\\framework\\src\\Illuminate\\Routing\\Pipeline.php(53): Illuminate\\Pipeline\\Pipeline->Illuminate\\Pipeline\\{closure}(Object(Illuminate\\Http\\Request))
#7 C:\\wamp\\www\\project13\\vendor\\laravel\\framework\\src\\Illuminate\\Foundation\\Http\\Middleware\\TransformsRequest.php(31): Illuminate\\Routing\\Pipeline->Illuminate\\Routing\\{closure}(Object(Illuminate\\Http\\Request))
#8 C:\\wamp\\www\\project13\\vendor\\laravel\\framework\\src\\Illuminate\\Pipeline\\Pipeline.php(163): Illuminate\\Foundation\\Http\\Middleware\\TransformsRequest->handle(Object(Illuminate\\Http\\Request), Object(Closure))
#9 C:\\wamp\\www\\project13\\vendor\\laravel\\framework\\src\\Illuminate\\Routing\\Pipeline.php(53): Illuminate\\Pipeline\\Pipeline->Illuminate\\Pipeline\\{closure}(Object(Illuminate\\Http\\Request))
#10 C:\\wamp\\www\\project13\\vendor\\laravel\\framework\\src\\Illuminate\\Foundation\\Http\\Middleware\\TransformsRequest.php(31): Illuminate\\Routing\\Pipeline->Illuminate\\Routing\\{closure}(Object(Illuminate\\Http\\Request))
#11 C:\\wamp\\www\\project13\\vendor\\laravel\\framework\\src\\Illuminate\\Pipeline\\Pipeline.php(163): Illuminate\\Foundation\\Http\\Middleware\\TransformsRequest->handle(Object(Illuminate\\Http\\Request), Object(Closure))
#12 C:\\wamp\\www\\project13\\vendor\\laravel\\framework\\src\\Illuminate\\Routing\\Pipeline.php(53): Illuminate\\Pipeline\\Pipeline->Illuminate\\Pipeline\\{closure}(Object(Illuminate\\Http\\Request))
#13 C:\\wamp\\www\\project13\\vendor\\laravel\\framework\\src\\Illuminate\\Foundation\\Http\\Middleware\\ValidatePostSize.php(27): Illuminate\\Routing\\Pipeline->Illuminate\\Routing\\{closure}(Object(Illuminate\\Http\\Request))
#14 C:\\wamp\\www\\project13\\vendor\\laravel\\framework\\src\\Illuminate\\Pipeline\\Pipeline.php(163): Illuminate\\Foundation\\Http\\Middleware\\ValidatePostSize->handle(Object(Illuminate\\Http\\Request), Object(Closure))
#15 C:\\wamp\\www\\project13\\vendor\\laravel\\framework\\src\\Illuminate\\Routing\\Pipeline.php(53): Illuminate\\Pipeline\\Pipeline->Illuminate\\Pipeline\\{closure}(Object(Illuminate\\Http\\Request))
#16 C:\\wamp\\www\\project13\\vendor\\laravel\\framework\\src\\Illuminate\\Foundation\\Http\\Middleware\\CheckForMaintenanceMode.php(62): Illuminate\\Routing\\Pipeline->Illuminate\\Routing\\{closure}(Object(Illuminate\\Http\\Request))
#17 C:\\wamp\\www\\project13\\vendor\\laravel\\framework\\src\\Illuminate\\Pipeline\\Pipeline.php(163): Illuminate\\Foundation\\Http\\Middleware\\CheckForMaintenanceMode->handle(Object(Illuminate\\Http\\Request), Object(Closure))
#18 C:\\wamp\\www\\project13\\vendor\\laravel\\framework\\src\\Illuminate\\Routing\\Pipeline.php(53): Illuminate\\Pipeline\\Pipeline->Illuminate\\Pipeline\\{closure}(Object(Illuminate\\Http\\Request))
#19 C:\\wamp\\www\\project13\\vendor\\laravel\\framework\\src\\Illuminate\\Pipeline\\Pipeline.php(104): Illuminate\\Routing\\Pipeline->Illuminate\\Routing\\{closure}(Object(Illuminate\\Http\\Request))
#20 C:\\wamp\\www\\project13\\vendor\\laravel\\framework\\src\\Illuminate\\Foundation\\Http\\Kernel.php(151): Illuminate\\Pipeline\\Pipeline->then(Object(Closure))
#21 C:\\wamp\\www\\project13\\vendor\\laravel\\framework\\src\\Illuminate\\Foundation\\Http\\Kernel.php(116): Illuminate\\Foundation\\Http\\Kernel->sendRequestThroughRouter(Object(Illuminate\\Http\\Request))
#22 C:\\wamp\\www\\project13\\vendor\\laravel\\framework\\src\\Illuminate\\Foundation\\Testing\\Concerns\\MakesHttpRequests.php(345): Illuminate\\Foundation\\Http\\Kernel->handle(Object(Illuminate\\Http\\Request))
#23 C:\\wamp\\www\\project13\\vendor\\laravel\\framework\\src\\Illuminate\\Foundation\\Testing\\Concerns\\MakesHttpRequests.php(168): Illuminate\\Foundation\\Testing\\TestCase->call('GET', '/', Array, Array, Array, Array)
#24 C:\\wamp\\www\\project13\\tests\\Feature\\ExampleTest.php(17): Illuminate\\Foundation\\Testing\\TestCase->get('/')
#25 C:\\wamp\\www\\project13\\vendor\\phpunit\\phpunit\\src\\Framework\\TestCase.php(1153): Tests\\Feature\\ExampleTest->testBasicTest()
#26 C:\\wamp\\www\\project13\\vendor\\phpunit\\phpunit\\src\\Framework\\TestCase.php(842): PHPUnit\\Framework\\TestCase->runTest()
#27 C:\\wamp\\www\\project13\\vendor\\phpunit\\phpunit\\src\\Framework\\TestResult.php(687): PHPUnit\\Framework\\TestCase->runBare()
#28 C:\\wamp\\www\\project13\\vendor\\phpunit\\phpunit\\src\\Framework\\TestCase.php(796): PHPUnit\\Framework\\TestResult->run(Object(Tests\\Feature\\ExampleTest))
#29 C:\\wamp\\www\\project13\\vendor\\phpunit\\phpunit\\src\\Framework\\TestSuite.php(746): PHPUnit\\Framework\\TestCase->run(Object(PHPUnit\\Framework\\TestResult))
#30 C:\\wamp\\www\\project13\\vendor\\phpunit\\phpunit\\src\\Framework\\TestSuite.php(746): PHPUnit\\Framework\\TestSuite->run(Object(PHPUnit\\Framework\\TestResult))
#31 C:\\wamp\\www\\project13\\vendor\\phpunit\\phpunit\\src\\Framework\\TestSuite.php(746): PHPUnit\\Framework\\TestSuite->run(Object(PHPUnit\\Framework\\TestResult))
#32 C:\\wamp\\www\\project13\\vendor\\phpunit\\phpunit\\src\\TextUI\\TestRunner.php(641): PHPUnit\\Framework\\TestSuite->run(Object(PHPUnit\\Framework\\TestResult))
#33 C:\\wamp\\www\\project13\\vendor\\phpunit\\phpunit\\src\\TextUI\\Command.php(206): PHPUnit\\TextUI\\TestRunner->doRun(Object(PHPUnit\\Framework\\TestSuite), Array, true)
#34 C:\\wamp\\www\\project13\\vendor\\phpunit\\phpunit\\src\\TextUI\\Command.php(162): PHPUnit\\TextUI\\Command->run(Array, true)
#35 C:\\wamp\\www\\project13\\vendor\\phpunit\\phpunit\\phpunit(61): PHPUnit\\TextUI\\Command::main()
#36 {main}
"} 
